Removed Pin From Net: NetName=EN Pin=IC1-22
Removed Pin From Net: NetName=RW Pin=IC1-23
Removed Pin From Net: NetName=RS Pin=IC1-24
Removed Pin From Net: NetName=D4 Pin=IC1-26
Removed Pin From Net: NetName=D5 Pin=IC1-27
Removed Pin From Net: NetName=D6 Pin=IC1-28
Removed Pin From Net: NetName=D7 Pin=IC1-29
Removed Pin From Net: NetName=EN Pin=JP4-1
Removed Pin From Net: NetName=RW Pin=JP4-2
Removed Pin From Net: NetName=RS Pin=JP4-3
Removed Pin From Net: NetName=D4 Pin=JP4-5
Removed Pin From Net: NetName=D5 Pin=JP4-6
Removed Pin From Net: NetName=D6 Pin=JP4-7
Removed Pin From Net: NetName=D7 Pin=JP4-8
Added Pin To Net: NetName=D7 Pin=IC1-33
Added Pin To Net: NetName=D6 Pin=IC1-34
Added Pin To Net: NetName=D5 Pin=IC1-35
Added Pin To Net: NetName=D4 Pin=IC1-36
Added Pin To Net: NetName=RS Pin=IC1-38
Added Pin To Net: NetName=RW Pin=IC1-39
Added Pin To Net: NetName=EN Pin=IC1-40
Added Pin To Net: NetName=EN Pin=JP2-1
Added Pin To Net: NetName=RW Pin=JP2-2
Added Pin To Net: NetName=RS Pin=JP2-3
Added Pin To Net: NetName=D4 Pin=JP2-5
Added Pin To Net: NetName=D5 Pin=JP2-6
Added Pin To Net: NetName=D6 Pin=JP2-7
Added Pin To Net: NetName=D7 Pin=JP2-8
Added Pin To Net: NetName=NetIC1_22 Pin=IC1-22
Added Pin To Net: NetName=NetIC1_22 Pin=JP4-1
Added Net: Name=NetIC1_22
Added Pin To Net: NetName=NetIC1_23 Pin=IC1-23
Added Pin To Net: NetName=NetIC1_23 Pin=JP4-2
Added Net: Name=NetIC1_23
Added Pin To Net: NetName=NetIC1_24 Pin=IC1-24
Added Pin To Net: NetName=NetIC1_24 Pin=JP4-3
Added Net: Name=NetIC1_24
Added Pin To Net: NetName=NetIC1_26 Pin=IC1-26
Added Pin To Net: NetName=NetIC1_26 Pin=JP4-5
Added Net: Name=NetIC1_26
Added Pin To Net: NetName=NetIC1_27 Pin=IC1-27
Added Pin To Net: NetName=NetIC1_27 Pin=JP4-6
Added Net: Name=NetIC1_27
Added Pin To Net: NetName=NetIC1_28 Pin=IC1-28
Added Pin To Net: NetName=NetIC1_28 Pin=JP4-7
Added Net: Name=NetIC1_28
Added Pin To Net: NetName=NetIC1_29 Pin=IC1-29
Added Pin To Net: NetName=NetIC1_29 Pin=JP4-8
Added Net: Name=NetIC1_29
Added Room: Name=Sheet1
