Added Component: Designator=C1(SM-0805)
Add component. Clean all parameters for all variants
Add component (AddParameter): Name = "Value"; Value = "103"; VariantName = "[No Variations]"
Added Component: Designator=C2(SM-0805)
Add component. Clean all parameters for all variants
Add component (AddParameter): Name = "Value"; Value = "103"; VariantName = "[No Variations]"
Added Component: Designator=IC1(DIP40/W0.6)
Add component. Clean all parameters for all variants
Add component (AddParameter): Name = "Value"; Value = "Atmega 16L"; VariantName = "[No Variations]"
Added Component: Designator=IC2(DIP16/W0.3)
Add component. Clean all parameters for all variants
Add component (AddParameter): Name = "LatestRevisionNote"; Value = "Stylized 3D Model Added."; VariantName = "[No Variations]"
Add component (AddParameter): Name = "Publisher"; Value = "Altium Limited"; VariantName = "[No Variations]"
Add component (AddParameter): Name = "Value"; Value = "ULN2003A"; VariantName = "[No Variations]"
Added Component: Designator=JP1(CON5)
Add component. Clean all parameters for all variants
Add component (AddParameter): Name = "Value"; Value = "Connector 5"; VariantName = "[No Variations]"
Added Component: Designator=LCD1(LCD16X2N)
Add component. Clean all parameters for all variants
Add component (AddParameter): Name = "Value"; Value = "LCD16x2A"; VariantName = "[No Variations]"
Added Component: Designator=P1(IDE_2X5)
Add component. Clean all parameters for all variants
Add component (AddParameter): Name = "Value"; Value = "Header 5x2"; VariantName = "[No Variations]"
Added Component: Designator=R1(RES_0805)
Add component. Clean all parameters for all variants
Added Component: Designator=R2(RES_0805)
Add component. Clean all parameters for all variants
Added Component: Designator=R3(RES_0805)
Add component. Clean all parameters for all variants
Added Component: Designator=R4(RES_0805)
Add component. Clean all parameters for all variants
Added Component: Designator=R5(RES_0805)
Add component. Clean all parameters for all variants
Added Component: Designator=RN1(RN8)
Add component. Clean all parameters for all variants
Add component (AddParameter): Name = "Value"; Value = "Tro thanh 10K"; VariantName = "[No Variations]"
Added Component: Designator=SW1(SW4)
Add component. Clean all parameters for all variants
Add component (AddParameter): Name = "Value"; Value = "Button chip 4 pin"; VariantName = "[No Variations]"
Added Component: Designator=SW2(SW4)
Add component. Clean all parameters for all variants
Add component (AddParameter): Name = "Value"; Value = "Button chip 4 pin"; VariantName = "[No Variations]"
Added Component: Designator=SW3(SW4)
Add component. Clean all parameters for all variants
Add component (AddParameter): Name = "Value"; Value = "Button chip 4 pin"; VariantName = "[No Variations]"
Added Component: Designator=SW4(SW4)
Add component. Clean all parameters for all variants
Add component (AddParameter): Name = "Value"; Value = "Button chip 4 pin"; VariantName = "[No Variations]"
Added Component: Designator=SW5(SW4)
Add component. Clean all parameters for all variants
Add component (AddParameter): Name = "Value"; Value = "Button chip 4 pin"; VariantName = "[No Variations]"
Added Component: Designator=VR1(VR)
Add component. Clean all parameters for all variants
Add component (AddParameter): Name = "Value"; Value = "VR 10K"; VariantName = "[No Variations]"
Added Component: Designator=X1(XT2)
Add component. Clean all parameters for all variants
Add component (AddParameter): Name = "Value"; Value = "4Mhz"; VariantName = "[No Variations]"
Added Pin To Net: NetName=5V Pin=IC1-10
Added Pin To Net: NetName=5V Pin=IC1-30
Added Pin To Net: NetName=5V Pin=IC1-32
Added Pin To Net: NetName=5V Pin=IC2-9
Added Pin To Net: NetName=5V Pin=LCD1-2
Added Pin To Net: NetName=5V Pin=LCD1-15
Added Pin To Net: NetName=5V Pin=P1-2
Added Pin To Net: NetName=5V Pin=R1-2
Added Pin To Net: NetName=5V Pin=R2-2
Added Pin To Net: NetName=5V Pin=R3-2
Added Pin To Net: NetName=5V Pin=R4-2
Added Pin To Net: NetName=5V Pin=R5-2
Added Pin To Net: NetName=5V Pin=RN1-1
Added Pin To Net: NetName=5V Pin=VR1-1
Added Net: Name=5V
Added Pin To Net: NetName=D4 Pin=IC1-26
Added Pin To Net: NetName=D4 Pin=LCD1-11
Added Net: Name=D4
Added Pin To Net: NetName=D5 Pin=IC1-27
Added Pin To Net: NetName=D5 Pin=LCD1-12
Added Net: Name=D5
Added Pin To Net: NetName=D6 Pin=IC1-28
Added Pin To Net: NetName=D6 Pin=LCD1-13
Added Net: Name=D6
Added Pin To Net: NetName=D7 Pin=IC1-29
Added Pin To Net: NetName=D7 Pin=LCD1-14
Added Net: Name=D7
Added Pin To Net: NetName=DAO Pin=IC1-16
Added Pin To Net: NetName=DAO Pin=R3-1
Added Pin To Net: NetName=DAO Pin=SW4-1
Added Pin To Net: NetName=DAO Pin=SW4-3
Added Net: Name=DAO
Added Pin To Net: NetName=DUNG Pin=IC1-17
Added Pin To Net: NetName=DUNG Pin=R2-1
Added Pin To Net: NetName=DUNG Pin=SW5-1
Added Pin To Net: NetName=DUNG Pin=SW5-3
Added Net: Name=DUNG
Added Pin To Net: NetName=EN Pin=IC1-22
Added Pin To Net: NetName=EN Pin=LCD1-6
Added Net: Name=EN
Added Pin To Net: NetName=GIAM Pin=IC1-15
Added Pin To Net: NetName=GIAM Pin=R4-1
Added Pin To Net: NetName=GIAM Pin=SW3-1
Added Pin To Net: NetName=GIAM Pin=SW3-3
Added Net: Name=GIAM
Added Pin To Net: NetName=GND Pin=C1-1
Added Pin To Net: NetName=GND Pin=C2-1
Added Pin To Net: NetName=GND Pin=IC1-11
Added Pin To Net: NetName=GND Pin=IC1-31
Added Pin To Net: NetName=GND Pin=IC2-8
Added Pin To Net: NetName=GND Pin=LCD1-1
Added Pin To Net: NetName=GND Pin=LCD1-16
Added Pin To Net: NetName=GND Pin=P1-4
Added Pin To Net: NetName=GND Pin=P1-6
Added Pin To Net: NetName=GND Pin=P1-8
Added Pin To Net: NetName=GND Pin=P1-10
Added Pin To Net: NetName=GND Pin=SW1-1
Added Pin To Net: NetName=GND Pin=SW1-3
Added Pin To Net: NetName=GND Pin=SW4-4
Added Pin To Net: NetName=GND Pin=SW5-2
Added Pin To Net: NetName=GND Pin=SW5-4
Added Pin To Net: NetName=GND Pin=VR1-3
Added Net: Name=GND
Added Pin To Net: NetName=IN A1 Pin=IC1-1
Added Pin To Net: NetName=IN A1 Pin=IC2-1
Added Net: Name=IN A1
Added Pin To Net: NetName=IN A2 Pin=IC1-2
Added Pin To Net: NetName=IN A2 Pin=IC2-2
Added Net: Name=IN A2
Added Pin To Net: NetName=IN B1 Pin=IC1-3
Added Pin To Net: NetName=IN B1 Pin=IC2-3
Added Net: Name=IN B1
Added Pin To Net: NetName=IN B2 Pin=IC1-4
Added Pin To Net: NetName=IN B2 Pin=IC2-4
Added Net: Name=IN B2
Added Pin To Net: NetName=MISO Pin=IC1-7
Added Pin To Net: NetName=MISO Pin=P1-9
Added Net: Name=MISO
Added Pin To Net: NetName=MOSI Pin=IC1-6
Added Pin To Net: NetName=MOSI Pin=P1-1
Added Net: Name=MOSI
Added Pin To Net: NetName=NetC1_2 Pin=C1-2
Added Pin To Net: NetName=NetC1_2 Pin=IC1-12
Added Pin To Net: NetName=NetC1_2 Pin=X1-2
Added Net: Name=NetC1_2
Added Pin To Net: NetName=NetC2_2 Pin=C2-2
Added Pin To Net: NetName=NetC2_2 Pin=IC1-13
Added Pin To Net: NetName=NetC2_2 Pin=X1-1
Added Net: Name=NetC2_2
Added Pin To Net: NetName=NetIC2_10 Pin=IC2-10
Added Pin To Net: NetName=NetIC2_10 Pin=RN1-8
Added Net: Name=NetIC2_10
Added Pin To Net: NetName=NetIC2_11 Pin=IC2-11
Added Pin To Net: NetName=NetIC2_11 Pin=RN1-7
Added Net: Name=NetIC2_11
Added Pin To Net: NetName=NetIC2_12 Pin=IC2-12
Added Pin To Net: NetName=NetIC2_12 Pin=RN1-6
Added Net: Name=NetIC2_12
Added Pin To Net: NetName=NetIC2_13 Pin=IC2-13
Added Pin To Net: NetName=NetIC2_13 Pin=JP1-4
Added Pin To Net: NetName=NetIC2_13 Pin=RN1-5
Added Net: Name=NetIC2_13
Added Pin To Net: NetName=NetIC2_14 Pin=IC2-14
Added Pin To Net: NetName=NetIC2_14 Pin=JP1-3
Added Pin To Net: NetName=NetIC2_14 Pin=RN1-4
Added Net: Name=NetIC2_14
Added Pin To Net: NetName=NetIC2_15 Pin=IC2-15
Added Pin To Net: NetName=NetIC2_15 Pin=JP1-2
Added Pin To Net: NetName=NetIC2_15 Pin=RN1-3
Added Net: Name=NetIC2_15
Added Pin To Net: NetName=NetIC2_16 Pin=IC2-16
Added Pin To Net: NetName=NetIC2_16 Pin=JP1-1
Added Pin To Net: NetName=NetIC2_16 Pin=RN1-2
Added Net: Name=NetIC2_16
Added Pin To Net: NetName=NetLCD1_3 Pin=LCD1-3
Added Pin To Net: NetName=NetLCD1_3 Pin=VR1-2
Added Net: Name=NetLCD1_3
Added Pin To Net: NetName=NetSW2_2 Pin=SW2-2
Added Pin To Net: NetName=NetSW2_2 Pin=SW2-4
Added Pin To Net: NetName=NetSW2_2 Pin=SW3-2
Added Net: Name=NetSW2_2
Added Pin To Net: NetName=NetSW3_4 Pin=SW3-4
Added Pin To Net: NetName=NetSW3_4 Pin=SW4-2
Added Net: Name=NetSW3_4
Added Pin To Net: NetName=RST ISP Pin=IC1-9
Added Pin To Net: NetName=RST ISP Pin=P1-5
Added Pin To Net: NetName=RST ISP Pin=R1-1
Added Pin To Net: NetName=RST ISP Pin=SW1-2
Added Pin To Net: NetName=RST ISP Pin=SW1-4
Added Net: Name=RST ISP
Added Pin To Net: NetName=RS Pin=IC1-24
Added Pin To Net: NetName=RS Pin=LCD1-4
Added Net: Name=RS
Added Pin To Net: NetName=RW Pin=IC1-23
Added Pin To Net: NetName=RW Pin=LCD1-5
Added Net: Name=RW
Added Pin To Net: NetName=SCK Pin=IC1-8
Added Pin To Net: NetName=SCK Pin=P1-7
Added Net: Name=SCK
Added Pin To Net: NetName=TANG Pin=IC1-14
Added Pin To Net: NetName=TANG Pin=R5-1
Added Pin To Net: NetName=TANG Pin=SW2-1
Added Pin To Net: NetName=TANG Pin=SW2-3
Added Net: Name=TANG
Added Class: Name=Sheet1
Added Room: Name=Sheet1
