Removed Pin From Net: NetName=V_MOTOR Pin=JDC-1
Removed Pin From Net: NetName=GND Pin=JDC-2
Removed Pin From Net: NetName=GND Pin=JDC-3
Change Component Designator: OldDesignator=JDC NewDesignator=JACK NGUON
Added Component: Designator=C9(CP1/2)
Add component. Clean all parameters for all variants
Add component (AddParameter): Name = "Description 1"; Value = "10 => 220uF/6,3V/10V - 10uF => 100uF/16V"; VariantName = "[No Variations]"
Add component (AddParameter): Name = "Description 2"; Value = "0,1uF => 33uF/50V - 10uF => 22uF/63V"; VariantName = "[No Variations]"
Add component (AddParameter): Name = "Description 3"; Value = "0,47uF => 10uF/100V"; VariantName = "[No Variations]"
Add component (AddParameter): Name = "Value"; Value = "10uF/50V"; VariantName = "[No Variations]"
Added Component: Designator=C10(CP1/2)
Add component. Clean all parameters for all variants
Add component (AddParameter): Name = "Description 1"; Value = "10 => 220uF/6,3V/10V - 10uF => 100uF/16V"; VariantName = "[No Variations]"
Add component (AddParameter): Name = "Description 2"; Value = "0,1uF => 33uF/50V - 10uF => 22uF/63V"; VariantName = "[No Variations]"
Add component (AddParameter): Name = "Description 3"; Value = "0,47uF => 10uF/100V"; VariantName = "[No Variations]"
Add component (AddParameter): Name = "Value"; Value = "10uF/50V"; VariantName = "[No Variations]"
Added Component: Designator=IC4(QTO-220)
Add component. Clean all parameters for all variants
Add component (AddParameter): Name = ""; Value = "LM7808"; VariantName = "[No Variations]"
Add component (AddParameter): Name = "Value"; Value = "LM7805"; VariantName = "[No Variations]"
Added Component: Designator=JACK MOTOR(DC-IN)
Add component. Clean all parameters for all variants
Add component (AddParameter): Name = "Value"; Value = "Jac DC"; VariantName = "[No Variations]"
Added Component: Designator=LED2(led5mm_yellow)
Add component. Clean all parameters for all variants
Add component (AddParameter): Name = "Value"; Value = "LED 3 ly Single Colour"; VariantName = "[No Variations]"
Added Component: Designator=R12(RES_0805)
Add component. Clean all parameters for all variants
Added Pin To Net: NetName=GND Pin=C9-2
Added Pin To Net: NetName=V_MOTOR Pin=C10-1
Added Pin To Net: NetName=GND Pin=C10-2
Added Pin To Net: NetName=GND Pin=IC4-2
Added Pin To Net: NetName=V_MOTOR Pin=IC4-3
Added Pin To Net: NetName=GND Pin=JACK MOTOR-2
Added Pin To Net: NetName=GND Pin=JACK MOTOR-3
Added Pin To Net: NetName=V_MOTOR Pin=LED2-1
Added Pin To Net: NetName=GND Pin=R12-1
Change Net Name : Old Net Name=NetJDC_1 New Net Name=NetJACK NGUON_1
Added Pin To Net: NetName=NetC9_1 Pin=C9-1
Added Pin To Net: NetName=NetC9_1 Pin=IC4-1
Added Pin To Net: NetName=NetC9_1 Pin=JACK MOTOR-1
Added Net: Name=NetC9_1
Added Pin To Net: NetName=NetLED2_2 Pin=LED2-2
Added Pin To Net: NetName=NetLED2_2 Pin=R12-2
Added Net: Name=NetLED2_2
Added Member To Class: ClassName=Sheet1 Member=Component C9 22uF
Added Member To Class: ClassName=Sheet1 Member=Component C10 10uF
Added Member To Class: ClassName=Sheet1 Member=Component IC4 LM7805
Added Member To Class: ClassName=Sheet1 Member=Component JACK MOTOR Jac DC
Added Member To Class: ClassName=Sheet1 Member=Component LED2 LEDMOTOR
Added Member To Class: ClassName=Sheet1 Member=Component R12 330
Added Member To Class: ClassName=Sheet1 Member=Component SW2 SW
Added Member To Class: ClassName=Sheet1 Member=Component SW3 SW
Added Member To Class: ClassName=Sheet1 Member=Component SW4 SW
Added Member To Class: ClassName=Sheet1 Member=Component SW5 SW
