Removed Pin From Net: NetName=IN A1 Pin=IC1-1
Removed Pin From Net: NetName=IN A2 Pin=IC1-2
Removed Pin From Net: NetName=IN B1 Pin=IC1-3
Removed Pin From Net: NetName=IN B2 Pin=IC1-4
Removed Pin From Net: NetName=IN A1 Pin=JP3-1
Removed Pin From Net: NetName=IN A2 Pin=JP3-2
Removed Pin From Net: NetName=IN B1 Pin=JP3-3
Removed Pin From Net: NetName=IN B2 Pin=JP3-4
Removed Pin From Net: NetName=GND Pin=LED1-2
Removed Pin From Net: NetName=TANG Pin=SW2-1
Removed Pin From Net: NetName=GND Pin=SW2-2
Removed Pin From Net: NetName=TANG Pin=SW2-3
Removed Pin From Net: NetName=GND Pin=SW2-4
Removed Pin From Net: NetName=GIAM Pin=SW3-1
Removed Pin From Net: NetName=GND Pin=SW3-2
Removed Pin From Net: NetName=GIAM Pin=SW3-3
Removed Pin From Net: NetName=GND Pin=SW3-4
Removed Pin From Net: NetName=DAO Pin=SW4-1
Removed Pin From Net: NetName=GND Pin=SW4-2
Removed Pin From Net: NetName=DAO Pin=SW4-3
Removed Pin From Net: NetName=GND Pin=SW4-4
Removed Pin From Net: NetName=DUNG Pin=SW5-1
Removed Pin From Net: NetName=GND Pin=SW5-2
Removed Pin From Net: NetName=DUNG Pin=SW5-3
Removed Pin From Net: NetName=GND Pin=SW5-4
Change Component Comment : Designator=J1 Old Comment=5V New Comment=Connector 3x2
Change Component Comment : Designator=C4 Old Comment=10uF/25V New Comment=10uF
Change Component Comment : Designator=C3 Old Comment=22uF/25V New Comment=22uF
Change Component Comment : Designator=IC1 Old Comment=ATMEGA 16A New Comment=ATMEL 16A
Change Component Comment : Designator=SW1 Old Comment=BUT_RESET New Comment=SW
Change Component Comment : Designator=LED1 Old Comment=LED_POWER New Comment=LEDRED
Change Component Comment : Designator=JP3 Old Comment=PORTB --> New Comment=PORTB
Change Component Comment : Designator=JP4 Old Comment=PORTC --> New Comment=PORTC
Change Component Comment : Designator=JP5 Old Comment=PORTD --> New Comment=PORTD
Change Component Comment : Designator=JP1 Old Comment=STEPPER New Comment=JP5
Change Component Comment : Designator=VR1 Old Comment=VAR LCD New Comment=10K
Added Component: Designator=C5(SM-0805)
Add component. Clean all parameters for all variants
Add component (AddParameter): Name = "Value"; Value = "103"; VariantName = "[No Variations]"
Added Component: Designator=C6(SM-0805)
Add component. Clean all parameters for all variants
Add component (AddParameter): Name = "Value"; Value = "103"; VariantName = "[No Variations]"
Added Component: Designator=C7(SM-0805)
Add component. Clean all parameters for all variants
Add component (AddParameter): Name = "Value"; Value = "103"; VariantName = "[No Variations]"
Added Component: Designator=C8(SM-0805)
Add component. Clean all parameters for all variants
Add component (AddParameter): Name = "Value"; Value = "103"; VariantName = "[No Variations]"
Added Component: Designator=JDC(DC-IN)
Add component. Clean all parameters for all variants
Add component (AddParameter): Name = "Value"; Value = "Jac DC"; VariantName = "[No Variations]"
Added Component: Designator=R7(RES_0805)
Add component. Clean all parameters for all variants
Added Component: Designator=R8(RES_0805)
Add component. Clean all parameters for all variants
Added Component: Designator=R9(RES_0805)
Add component. Clean all parameters for all variants
Added Component: Designator=R10(RES_0805)
Add component. Clean all parameters for all variants
Added Component: Designator=R11(RES_0805)
Add component. Clean all parameters for all variants
Added Component: Designator=SW2(SW2)
Add component. Clean all parameters for all variants
Add component (AddParameter): Name = "Value"; Value = "SW chip 2 pin"; VariantName = "[No Variations]"
Added Component: Designator=SW3(SW2)
Add component. Clean all parameters for all variants
Add component (AddParameter): Name = "Value"; Value = "SW chip 2 pin"; VariantName = "[No Variations]"
Added Component: Designator=SW4(SW2)
Add component. Clean all parameters for all variants
Add component (AddParameter): Name = "Value"; Value = "SW chip 2 pin"; VariantName = "[No Variations]"
Added Component: Designator=SW5(SW2)
Add component. Clean all parameters for all variants
Add component (AddParameter): Name = "Value"; Value = "SW chip 2 pin"; VariantName = "[No Variations]"
Added Pin To Net: NetName=TANG Pin=C5-1
Added Pin To Net: NetName=GIAM Pin=C6-1
Added Pin To Net: NetName=DAO Pin=C7-1
Added Pin To Net: NetName=DUNG Pin=C8-1
Added Pin To Net: NetName=IN A1 Pin=IC1-2
Added Pin To Net: NetName=IN A2 Pin=IC1-3
Added Pin To Net: NetName=IN B1 Pin=IC1-4
Added Pin To Net: NetName=IN B2 Pin=IC1-5
Added Pin To Net: NetName=5V Pin=IC2-9
Added Pin To Net: NetName=GND Pin=JDC-2
Added Pin To Net: NetName=GND Pin=JDC-3
Added Pin To Net: NetName=IN A1 Pin=JP3-2
Added Pin To Net: NetName=IN A2 Pin=JP3-3
Added Pin To Net: NetName=IN B1 Pin=JP3-4
Added Pin To Net: NetName=IN B2 Pin=JP3-5
Added Pin To Net: NetName=GND Pin=R7-1
Added Pin To Net: NetName=TANG Pin=SW2-1
Added Pin To Net: NetName=GIAM Pin=SW3-1
Added Pin To Net: NetName=DAO Pin=SW4-1
Added Pin To Net: NetName=DUNG Pin=SW5-1
Added Pin To Net: NetName=NetC3_1 Pin=C3-1
Added Pin To Net: NetName=NetC3_1 Pin=IC3-1
Added Pin To Net: NetName=NetC3_1 Pin=SW6-1
Added Net: Name=NetC3_1
Added Pin To Net: NetName=NetC5_2 Pin=C5-2
Added Pin To Net: NetName=NetC5_2 Pin=C6-2
Added Pin To Net: NetName=NetC5_2 Pin=C7-2
Added Pin To Net: NetName=NetC5_2 Pin=C8-2
Added Pin To Net: NetName=NetC5_2 Pin=R8-1
Added Pin To Net: NetName=NetC5_2 Pin=R9-1
Added Pin To Net: NetName=NetC5_2 Pin=R10-1
Added Pin To Net: NetName=NetC5_2 Pin=R11-1
Added Net: Name=NetC5_2
Added Pin To Net: NetName=NetIC1_1 Pin=IC1-1
Added Pin To Net: NetName=NetIC1_1 Pin=JP3-1
Added Net: Name=NetIC1_1
Added Pin To Net: NetName=NetLED1_2 Pin=LED1-2
Added Pin To Net: NetName=NetLED1_2 Pin=R7-2
Added Net: Name=NetLED1_2
Added Pin To Net: NetName=NetR8_2 Pin=R8-2
Added Pin To Net: NetName=NetR8_2 Pin=SW2-2
Added Net: Name=NetR8_2
Added Pin To Net: NetName=NetR9_2 Pin=R9-2
Added Pin To Net: NetName=NetR9_2 Pin=SW3-2
Added Net: Name=NetR9_2
Added Pin To Net: NetName=NetR10_2 Pin=R10-2
Added Pin To Net: NetName=NetR10_2 Pin=SW4-2
Added Net: Name=NetR10_2
Added Pin To Net: NetName=NetR11_2 Pin=R11-2
Added Pin To Net: NetName=NetR11_2 Pin=SW5-2
Added Net: Name=NetR11_2
Added Pin To Net: NetName=V_MOTOR Pin=JDC-1
Added Pin To Net: NetName=V_MOTOR Pin=JP1-5
Added Net: Name=V_MOTOR
Added Member To Class: ClassName=Sheet1 Member=Component C5 104
Added Member To Class: ClassName=Sheet1 Member=Component C6 104
Added Member To Class: ClassName=Sheet1 Member=Component C7 104
Added Member To Class: ClassName=Sheet1 Member=Component C8 104
Added Member To Class: ClassName=Sheet1 Member=Component JDC Jac DC
Added Member To Class: ClassName=Sheet1 Member=Component R7 330
Added Member To Class: ClassName=Sheet1 Member=Component R8 470
Added Member To Class: ClassName=Sheet1 Member=Component R9 470
Added Member To Class: ClassName=Sheet1 Member=Component R10 470
Added Member To Class: ClassName=Sheet1 Member=Component R11 470
Added Room: Name=Sheet1
