
AVRASM ver. 2.1.30  C:\Users\hongd\OneDrive\Desktop\BTL_KTVXL\Atmega32\NgatNgoai\Debug\List\ExternalInterrupt.asm Thu Jun 04 15:17:48 2020

C:\Users\hongd\OneDrive\Desktop\BTL_KTVXL\Atmega32\NgatNgoai\Debug\List\ExternalInterrupt.asm(1090): warning: Register r3 already defined by the .DEF directive
C:\Users\hongd\OneDrive\Desktop\BTL_KTVXL\Atmega32\NgatNgoai\Debug\List\ExternalInterrupt.asm(1091): warning: Register r4 already defined by the .DEF directive
C:\Users\hongd\OneDrive\Desktop\BTL_KTVXL\Atmega32\NgatNgoai\Debug\List\ExternalInterrupt.asm(1092): warning: Register r6 already defined by the .DEF directive
C:\Users\hongd\OneDrive\Desktop\BTL_KTVXL\Atmega32\NgatNgoai\Debug\List\ExternalInterrupt.asm(1093): warning: Register r5 already defined by the .DEF directive
C:\Users\hongd\OneDrive\Desktop\BTL_KTVXL\Atmega32\NgatNgoai\Debug\List\ExternalInterrupt.asm(1094): warning: Register r8 already defined by the .DEF directive
                 
                 
                 ;CodeVisionAVR C Compiler V3.12 Advanced
                 ;(C) Copyright 1998-2014 Pavel Haiduc, HP InfoTech s.r.l.
                 ;http://www.hpinfotech.com
                 
                 ;Build configuration    : Debug
                 ;Chip type              : ATmega328P
                 ;Program type           : Application
                 ;Clock frequency        : 16.000000 MHz
                 ;Memory model           : Small
                 ;Optimize for           : Size
                 ;(s)printf features     : int, width
                 ;(s)scanf features      : int, width
                 ;External RAM size      : 0
                 ;Data Stack size        : 512 byte(s)
                 ;Heap size              : 0 byte(s)
                 ;Promote 'char' to 'int': Yes
                 ;'char' is unsigned     : Yes
                 ;8 bit enums            : Yes
                 ;Global 'const' stored in FLASH: Yes
                 ;Enhanced function parameter passing: Yes
                 ;Enhanced core instructions: On
                 ;Automatic register allocation for global variables: On
                 ;Smart register allocation: On
                 
                 	#define _MODEL_SMALL_
                 
                 	#pragma AVRPART ADMIN PART_NAME ATmega328P
                 	#pragma AVRPART MEMORY PROG_FLASH 32768
                 	#pragma AVRPART MEMORY EEPROM 1024
                 	#pragma AVRPART MEMORY INT_SRAM SIZE 2048
                 	#pragma AVRPART MEMORY INT_SRAM START_ADDR 0x100
                 
                 	#define CALL_SUPPORTED 1
                 
                 	.LISTMAC
                 	.EQU EERE=0x0
                 	.EQU EEWE=0x1
                 	.EQU EEMWE=0x2
                 	.EQU UDRE=0x5
                 	.EQU RXC=0x7
                 	.EQU EECR=0x1F
                 	.EQU EEDR=0x20
                 	.EQU EEARL=0x21
                 	.EQU EEARH=0x22
                 	.EQU SPSR=0x2D
                 	.EQU SPDR=0x2E
                 	.EQU SMCR=0x33
                 	.EQU MCUSR=0x34
                 	.EQU MCUCR=0x35
                 	.EQU WDTCSR=0x60
                 	.EQU UCSR0A=0xC0
                 	.EQU UDR0=0xC6
                 	.EQU SPL=0x3D
                 	.EQU SPH=0x3E
                 	.EQU SREG=0x3F
                 	.EQU GPIOR0=0x1E
                 
                 	.DEF R0X0=R0
                 	.DEF R0X1=R1
                 	.DEF R0X2=R2
                 	.DEF R0X3=R3
                 	.DEF R0X4=R4
                 	.DEF R0X5=R5
                 	.DEF R0X6=R6
                 	.DEF R0X7=R7
                 	.DEF R0X8=R8
                 	.DEF R0X9=R9
                 	.DEF R0XA=R10
                 	.DEF R0XB=R11
                 	.DEF R0XC=R12
                 	.DEF R0XD=R13
                 	.DEF R0XE=R14
                 	.DEF R0XF=R15
                 	.DEF R0X10=R16
                 	.DEF R0X11=R17
                 	.DEF R0X12=R18
                 	.DEF R0X13=R19
                 	.DEF R0X14=R20
                 	.DEF R0X15=R21
                 	.DEF R0X16=R22
                 	.DEF R0X17=R23
                 	.DEF R0X18=R24
                 	.DEF R0X19=R25
                 	.DEF R0X1A=R26
                 	.DEF R0X1B=R27
                 	.DEF R0X1C=R28
                 	.DEF R0X1D=R29
                 	.DEF R0X1E=R30
                 	.DEF R0X1F=R31
                 
                 	.EQU __SRAM_START=0x0100
                 	.EQU __SRAM_END=0x08FF
                 	.EQU __DSTACK_SIZE=0x0200
                 	.EQU __HEAP_SIZE=0x0000
                 	.EQU __CLEAR_SRAM_SIZE=__SRAM_END-__SRAM_START+1
                 
                 	.MACRO __CPD1N
                 	CPI  R30,LOW(@0)
                 	LDI  R26,HIGH(@0)
                 	CPC  R31,R26
                 	LDI  R26,BYTE3(@0)
                 	CPC  R22,R26
                 	LDI  R26,BYTE4(@0)
                 	CPC  R23,R26
                 	.ENDM
                 
                 	.MACRO __CPD2N
                 	CPI  R26,LOW(@0)
                 	LDI  R30,HIGH(@0)
                 	CPC  R27,R30
                 	LDI  R30,BYTE3(@0)
                 	CPC  R24,R30
                 	LDI  R30,BYTE4(@0)
                 	CPC  R25,R30
                 	.ENDM
                 
                 	.MACRO __CPWRR
                 	CP   R@0,R@2
                 	CPC  R@1,R@3
                 	.ENDM
                 
                 	.MACRO __CPWRN
                 	CPI  R@0,LOW(@2)
                 	LDI  R30,HIGH(@2)
                 	CPC  R@1,R30
                 	.ENDM
                 
                 	.MACRO __ADDB1MN
                 	SUBI R30,LOW(-@0-(@1))
                 	.ENDM
                 
                 	.MACRO __ADDB2MN
                 	SUBI R26,LOW(-@0-(@1))
                 	.ENDM
                 
                 	.MACRO __ADDW1MN
                 	SUBI R30,LOW(-@0-(@1))
                 	SBCI R31,HIGH(-@0-(@1))
                 	.ENDM
                 
                 	.MACRO __ADDW2MN
                 	SUBI R26,LOW(-@0-(@1))
                 	SBCI R27,HIGH(-@0-(@1))
                 	.ENDM
                 
                 	.MACRO __ADDW1FN
                 	SUBI R30,LOW(-2*@0-(@1))
                 	SBCI R31,HIGH(-2*@0-(@1))
                 	.ENDM
                 
                 	.MACRO __ADDD1FN
                 	SUBI R30,LOW(-2*@0-(@1))
                 	SBCI R31,HIGH(-2*@0-(@1))
                 	SBCI R22,BYTE3(-2*@0-(@1))
                 	.ENDM
                 
                 	.MACRO __ADDD1N
                 	SUBI R30,LOW(-@0)
                 	SBCI R31,HIGH(-@0)
                 	SBCI R22,BYTE3(-@0)
                 	SBCI R23,BYTE4(-@0)
                 	.ENDM
                 
                 	.MACRO __ADDD2N
                 	SUBI R26,LOW(-@0)
                 	SBCI R27,HIGH(-@0)
                 	SBCI R24,BYTE3(-@0)
                 	SBCI R25,BYTE4(-@0)
                 	.ENDM
                 
                 	.MACRO __SUBD1N
                 	SUBI R30,LOW(@0)
                 	SBCI R31,HIGH(@0)
                 	SBCI R22,BYTE3(@0)
                 	SBCI R23,BYTE4(@0)
                 	.ENDM
                 
                 	.MACRO __SUBD2N
                 	SUBI R26,LOW(@0)
                 	SBCI R27,HIGH(@0)
                 	SBCI R24,BYTE3(@0)
                 	SBCI R25,BYTE4(@0)
                 	.ENDM
                 
                 	.MACRO __ANDBMNN
                 	LDS  R30,@0+(@1)
                 	ANDI R30,LOW(@2)
                 	STS  @0+(@1),R30
                 	.ENDM
                 
                 	.MACRO __ANDWMNN
                 	LDS  R30,@0+(@1)
                 	ANDI R30,LOW(@2)
                 	STS  @0+(@1),R30
                 	LDS  R30,@0+(@1)+1
                 	ANDI R30,HIGH(@2)
                 	STS  @0+(@1)+1,R30
                 	.ENDM
                 
                 	.MACRO __ANDD1N
                 	ANDI R30,LOW(@0)
                 	ANDI R31,HIGH(@0)
                 	ANDI R22,BYTE3(@0)
                 	ANDI R23,BYTE4(@0)
                 	.ENDM
                 
                 	.MACRO __ANDD2N
                 	ANDI R26,LOW(@0)
                 	ANDI R27,HIGH(@0)
                 	ANDI R24,BYTE3(@0)
                 	ANDI R25,BYTE4(@0)
                 	.ENDM
                 
                 	.MACRO __ORBMNN
                 	LDS  R30,@0+(@1)
                 	ORI  R30,LOW(@2)
                 	STS  @0+(@1),R30
                 	.ENDM
                 
                 	.MACRO __ORWMNN
                 	LDS  R30,@0+(@1)
                 	ORI  R30,LOW(@2)
                 	STS  @0+(@1),R30
                 	LDS  R30,@0+(@1)+1
                 	ORI  R30,HIGH(@2)
                 	STS  @0+(@1)+1,R30
                 	.ENDM
                 
                 	.MACRO __ORD1N
                 	ORI  R30,LOW(@0)
                 	ORI  R31,HIGH(@0)
                 	ORI  R22,BYTE3(@0)
                 	ORI  R23,BYTE4(@0)
                 	.ENDM
                 
                 	.MACRO __ORD2N
                 	ORI  R26,LOW(@0)
                 	ORI  R27,HIGH(@0)
                 	ORI  R24,BYTE3(@0)
                 	ORI  R25,BYTE4(@0)
                 	.ENDM
                 
                 	.MACRO __DELAY_USB
                 	LDI  R24,LOW(@0)
                 __DELAY_USB_LOOP:
                 	DEC  R24
                 	BRNE __DELAY_USB_LOOP
                 	.ENDM
                 
                 	.MACRO __DELAY_USW
                 	LDI  R24,LOW(@0)
                 	LDI  R25,HIGH(@0)
                 __DELAY_USW_LOOP:
                 	SBIW R24,1
                 	BRNE __DELAY_USW_LOOP
                 	.ENDM
                 
                 	.MACRO __GETD1S
                 	LDD  R30,Y+@0
                 	LDD  R31,Y+@0+1
                 	LDD  R22,Y+@0+2
                 	LDD  R23,Y+@0+3
                 	.ENDM
                 
                 	.MACRO __GETD2S
                 	LDD  R26,Y+@0
                 	LDD  R27,Y+@0+1
                 	LDD  R24,Y+@0+2
                 	LDD  R25,Y+@0+3
                 	.ENDM
                 
                 	.MACRO __PUTD1S
                 	STD  Y+@0,R30
                 	STD  Y+@0+1,R31
                 	STD  Y+@0+2,R22
                 	STD  Y+@0+3,R23
                 	.ENDM
                 
                 	.MACRO __PUTD2S
                 	STD  Y+@0,R26
                 	STD  Y+@0+1,R27
                 	STD  Y+@0+2,R24
                 	STD  Y+@0+3,R25
                 	.ENDM
                 
                 	.MACRO __PUTDZ2
                 	STD  Z+@0,R26
                 	STD  Z+@0+1,R27
                 	STD  Z+@0+2,R24
                 	STD  Z+@0+3,R25
                 	.ENDM
                 
                 	.MACRO __CLRD1S
                 	STD  Y+@0,R30
                 	STD  Y+@0+1,R30
                 	STD  Y+@0+2,R30
                 	STD  Y+@0+3,R30
                 	.ENDM
                 
                 	.MACRO __POINTB1MN
                 	LDI  R30,LOW(@0+(@1))
                 	.ENDM
                 
                 	.MACRO __POINTW1MN
                 	LDI  R30,LOW(@0+(@1))
                 	LDI  R31,HIGH(@0+(@1))
                 	.ENDM
                 
                 	.MACRO __POINTD1M
                 	LDI  R30,LOW(@0)
                 	LDI  R31,HIGH(@0)
                 	LDI  R22,BYTE3(@0)
                 	LDI  R23,BYTE4(@0)
                 	.ENDM
                 
                 	.MACRO __POINTW1FN
                 	LDI  R30,LOW(2*@0+(@1))
                 	LDI  R31,HIGH(2*@0+(@1))
                 	.ENDM
                 
                 	.MACRO __POINTD1FN
                 	LDI  R30,LOW(2*@0+(@1))
                 	LDI  R31,HIGH(2*@0+(@1))
                 	LDI  R22,BYTE3(2*@0+(@1))
                 	LDI  R23,BYTE4(2*@0+(@1))
                 	.ENDM
                 
                 	.MACRO __POINTB2MN
                 	LDI  R26,LOW(@0+(@1))
                 	.ENDM
                 
                 	.MACRO __POINTW2MN
                 	LDI  R26,LOW(@0+(@1))
                 	LDI  R27,HIGH(@0+(@1))
                 	.ENDM
                 
                 	.MACRO __POINTW2FN
                 	LDI  R26,LOW(2*@0+(@1))
                 	LDI  R27,HIGH(2*@0+(@1))
                 	.ENDM
                 
                 	.MACRO __POINTD2FN
                 	LDI  R26,LOW(2*@0+(@1))
                 	LDI  R27,HIGH(2*@0+(@1))
                 	LDI  R24,BYTE3(2*@0+(@1))
                 	LDI  R25,BYTE4(2*@0+(@1))
                 	.ENDM
                 
                 	.MACRO __POINTBRM
                 	LDI  R@0,LOW(@1)
                 	.ENDM
                 
                 	.MACRO __POINTWRM
                 	LDI  R@0,LOW(@2)
                 	LDI  R@1,HIGH(@2)
                 	.ENDM
                 
                 	.MACRO __POINTBRMN
                 	LDI  R@0,LOW(@1+(@2))
                 	.ENDM
                 
                 	.MACRO __POINTWRMN
                 	LDI  R@0,LOW(@2+(@3))
                 	LDI  R@1,HIGH(@2+(@3))
                 	.ENDM
                 
                 	.MACRO __POINTWRFN
                 	LDI  R@0,LOW(@2*2+(@3))
                 	LDI  R@1,HIGH(@2*2+(@3))
                 	.ENDM
                 
                 	.MACRO __GETD1N
                 	LDI  R30,LOW(@0)
                 	LDI  R31,HIGH(@0)
                 	LDI  R22,BYTE3(@0)
                 	LDI  R23,BYTE4(@0)
                 	.ENDM
                 
                 	.MACRO __GETD2N
                 	LDI  R26,LOW(@0)
                 	LDI  R27,HIGH(@0)
                 	LDI  R24,BYTE3(@0)
                 	LDI  R25,BYTE4(@0)
                 	.ENDM
                 
                 	.MACRO __GETB1MN
                 	LDS  R30,@0+(@1)
                 	.ENDM
                 
                 	.MACRO __GETB1HMN
                 	LDS  R31,@0+(@1)
                 	.ENDM
                 
                 	.MACRO __GETW1MN
                 	LDS  R30,@0+(@1)
                 	LDS  R31,@0+(@1)+1
                 	.ENDM
                 
                 	.MACRO __GETD1MN
                 	LDS  R30,@0+(@1)
                 	LDS  R31,@0+(@1)+1
                 	LDS  R22,@0+(@1)+2
                 	LDS  R23,@0+(@1)+3
                 	.ENDM
                 
                 	.MACRO __GETBRMN
                 	LDS  R@0,@1+(@2)
                 	.ENDM
                 
                 	.MACRO __GETWRMN
                 	LDS  R@0,@2+(@3)
                 	LDS  R@1,@2+(@3)+1
                 	.ENDM
                 
                 	.MACRO __GETWRZ
                 	LDD  R@0,Z+@2
                 	LDD  R@1,Z+@2+1
                 	.ENDM
                 
                 	.MACRO __GETD2Z
                 	LDD  R26,Z+@0
                 	LDD  R27,Z+@0+1
                 	LDD  R24,Z+@0+2
                 	LDD  R25,Z+@0+3
                 	.ENDM
                 
                 	.MACRO __GETB2MN
                 	LDS  R26,@0+(@1)
                 	.ENDM
                 
                 	.MACRO __GETW2MN
                 	LDS  R26,@0+(@1)
                 	LDS  R27,@0+(@1)+1
                 	.ENDM
                 
                 	.MACRO __GETD2MN
                 	LDS  R26,@0+(@1)
                 	LDS  R27,@0+(@1)+1
                 	LDS  R24,@0+(@1)+2
                 	LDS  R25,@0+(@1)+3
                 	.ENDM
                 
                 	.MACRO __PUTB1MN
                 	STS  @0+(@1),R30
                 	.ENDM
                 
                 	.MACRO __PUTW1MN
                 	STS  @0+(@1),R30
                 	STS  @0+(@1)+1,R31
                 	.ENDM
                 
                 	.MACRO __PUTD1MN
                 	STS  @0+(@1),R30
                 	STS  @0+(@1)+1,R31
                 	STS  @0+(@1)+2,R22
                 	STS  @0+(@1)+3,R23
                 	.ENDM
                 
                 	.MACRO __PUTB1EN
                 	LDI  R26,LOW(@0+(@1))
                 	LDI  R27,HIGH(@0+(@1))
                 	CALL __EEPROMWRB
                 	.ENDM
                 
                 	.MACRO __PUTW1EN
                 	LDI  R26,LOW(@0+(@1))
                 	LDI  R27,HIGH(@0+(@1))
                 	CALL __EEPROMWRW
                 	.ENDM
                 
                 	.MACRO __PUTD1EN
                 	LDI  R26,LOW(@0+(@1))
                 	LDI  R27,HIGH(@0+(@1))
                 	CALL __EEPROMWRD
                 	.ENDM
                 
                 	.MACRO __PUTBR0MN
                 	STS  @0+(@1),R0
                 	.ENDM
                 
                 	.MACRO __PUTBMRN
                 	STS  @0+(@1),R@2
                 	.ENDM
                 
                 	.MACRO __PUTWMRN
                 	STS  @0+(@1),R@2
                 	STS  @0+(@1)+1,R@3
                 	.ENDM
                 
                 	.MACRO __PUTBZR
                 	STD  Z+@1,R@0
                 	.ENDM
                 
                 	.MACRO __PUTWZR
                 	STD  Z+@2,R@0
                 	STD  Z+@2+1,R@1
                 	.ENDM
                 
                 	.MACRO __GETW1R
                 	MOV  R30,R@0
                 	MOV  R31,R@1
                 	.ENDM
                 
                 	.MACRO __GETW2R
                 	MOV  R26,R@0
                 	MOV  R27,R@1
                 	.ENDM
                 
                 	.MACRO __GETWRN
                 	LDI  R@0,LOW(@2)
                 	LDI  R@1,HIGH(@2)
                 	.ENDM
                 
                 	.MACRO __PUTW1R
                 	MOV  R@0,R30
                 	MOV  R@1,R31
                 	.ENDM
                 
                 	.MACRO __PUTW2R
                 	MOV  R@0,R26
                 	MOV  R@1,R27
                 	.ENDM
                 
                 	.MACRO __ADDWRN
                 	SUBI R@0,LOW(-@2)
                 	SBCI R@1,HIGH(-@2)
                 	.ENDM
                 
                 	.MACRO __ADDWRR
                 	ADD  R@0,R@2
                 	ADC  R@1,R@3
                 	.ENDM
                 
                 	.MACRO __SUBWRN
                 	SUBI R@0,LOW(@2)
                 	SBCI R@1,HIGH(@2)
                 	.ENDM
                 
                 	.MACRO __SUBWRR
                 	SUB  R@0,R@2
                 	SBC  R@1,R@3
                 	.ENDM
                 
                 	.MACRO __ANDWRN
                 	ANDI R@0,LOW(@2)
                 	ANDI R@1,HIGH(@2)
                 	.ENDM
                 
                 	.MACRO __ANDWRR
                 	AND  R@0,R@2
                 	AND  R@1,R@3
                 	.ENDM
                 
                 	.MACRO __ORWRN
                 	ORI  R@0,LOW(@2)
                 	ORI  R@1,HIGH(@2)
                 	.ENDM
                 
                 	.MACRO __ORWRR
                 	OR   R@0,R@2
                 	OR   R@1,R@3
                 	.ENDM
                 
                 	.MACRO __EORWRR
                 	EOR  R@0,R@2
                 	EOR  R@1,R@3
                 	.ENDM
                 
                 	.MACRO __GETWRS
                 	LDD  R@0,Y+@2
                 	LDD  R@1,Y+@2+1
                 	.ENDM
                 
                 	.MACRO __PUTBSR
                 	STD  Y+@1,R@0
                 	.ENDM
                 
                 	.MACRO __PUTWSR
                 	STD  Y+@2,R@0
                 	STD  Y+@2+1,R@1
                 	.ENDM
                 
                 	.MACRO __MOVEWRR
                 	MOV  R@0,R@2
                 	MOV  R@1,R@3
                 	.ENDM
                 
                 	.MACRO __INWR
                 	IN   R@0,@2
                 	IN   R@1,@2+1
                 	.ENDM
                 
                 	.MACRO __OUTWR
                 	OUT  @2+1,R@1
                 	OUT  @2,R@0
                 	.ENDM
                 
                 	.MACRO __CALL1MN
                 	LDS  R30,@0+(@1)
                 	LDS  R31,@0+(@1)+1
                 	ICALL
                 	.ENDM
                 
                 	.MACRO __CALL1FN
                 	LDI  R30,LOW(2*@0+(@1))
                 	LDI  R31,HIGH(2*@0+(@1))
                 	CALL __GETW1PF
                 	ICALL
                 	.ENDM
                 
                 	.MACRO __CALL2EN
                 	PUSH R26
                 	PUSH R27
                 	LDI  R26,LOW(@0+(@1))
                 	LDI  R27,HIGH(@0+(@1))
                 	CALL __EEPROMRDW
                 	POP  R27
                 	POP  R26
                 	ICALL
                 	.ENDM
                 
                 	.MACRO __CALL2EX
                 	SUBI R26,LOW(-@0)
                 	SBCI R27,HIGH(-@0)
                 	CALL __EEPROMRDD
                 	ICALL
                 	.ENDM
                 
                 	.MACRO __GETW1STACK
                 	IN   R30,SPL
                 	IN   R31,SPH
                 	ADIW R30,@0+1
                 	LD   R0,Z+
                 	LD   R31,Z
                 	MOV  R30,R0
                 	.ENDM
                 
                 	.MACRO __GETD1STACK
                 	IN   R30,SPL
                 	IN   R31,SPH
                 	ADIW R30,@0+1
                 	LD   R0,Z+
                 	LD   R1,Z+
                 	LD   R22,Z
                 	MOVW R30,R0
                 	.ENDM
                 
                 	.MACRO __NBST
                 	BST  R@0,@1
                 	IN   R30,SREG
                 	LDI  R31,0x40
                 	EOR  R30,R31
                 	OUT  SREG,R30
                 	.ENDM
                 
                 
                 	.MACRO __PUTB1SN
                 	LDD  R26,Y+@0
                 	LDD  R27,Y+@0+1
                 	SUBI R26,LOW(-@1)
                 	SBCI R27,HIGH(-@1)
                 	ST   X,R30
                 	.ENDM
                 
                 	.MACRO __PUTW1SN
                 	LDD  R26,Y+@0
                 	LDD  R27,Y+@0+1
                 	SUBI R26,LOW(-@1)
                 	SBCI R27,HIGH(-@1)
                 	ST   X+,R30
                 	ST   X,R31
                 	.ENDM
                 
                 	.MACRO __PUTD1SN
                 	LDD  R26,Y+@0
                 	LDD  R27,Y+@0+1
                 	SUBI R26,LOW(-@1)
                 	SBCI R27,HIGH(-@1)
                 	CALL __PUTDP1
                 	.ENDM
                 
                 	.MACRO __PUTB1SNS
                 	LDD  R26,Y+@0
                 	LDD  R27,Y+@0+1
                 	ADIW R26,@1
                 	ST   X,R30
                 	.ENDM
                 
                 	.MACRO __PUTW1SNS
                 	LDD  R26,Y+@0
                 	LDD  R27,Y+@0+1
                 	ADIW R26,@1
                 	ST   X+,R30
                 	ST   X,R31
                 	.ENDM
                 
                 	.MACRO __PUTD1SNS
                 	LDD  R26,Y+@0
                 	LDD  R27,Y+@0+1
                 	ADIW R26,@1
                 	CALL __PUTDP1
                 	.ENDM
                 
                 	.MACRO __PUTB1PMN
                 	LDS  R26,@0
                 	LDS  R27,@0+1
                 	SUBI R26,LOW(-@1)
                 	SBCI R27,HIGH(-@1)
                 	ST   X,R30
                 	.ENDM
                 
                 	.MACRO __PUTW1PMN
                 	LDS  R26,@0
                 	LDS  R27,@0+1
                 	SUBI R26,LOW(-@1)
                 	SBCI R27,HIGH(-@1)
                 	ST   X+,R30
                 	ST   X,R31
                 	.ENDM
                 
                 	.MACRO __PUTD1PMN
                 	LDS  R26,@0
                 	LDS  R27,@0+1
                 	SUBI R26,LOW(-@1)
                 	SBCI R27,HIGH(-@1)
                 	CALL __PUTDP1
                 	.ENDM
                 
                 	.MACRO __PUTB1PMNS
                 	LDS  R26,@0
                 	LDS  R27,@0+1
                 	ADIW R26,@1
                 	ST   X,R30
                 	.ENDM
                 
                 	.MACRO __PUTW1PMNS
                 	LDS  R26,@0
                 	LDS  R27,@0+1
                 	ADIW R26,@1
                 	ST   X+,R30
                 	ST   X,R31
                 	.ENDM
                 
                 	.MACRO __PUTD1PMNS
                 	LDS  R26,@0
                 	LDS  R27,@0+1
                 	ADIW R26,@1
                 	CALL __PUTDP1
                 	.ENDM
                 
                 	.MACRO __PUTB1RN
                 	MOVW R26,R@0
                 	SUBI R26,LOW(-@1)
                 	SBCI R27,HIGH(-@1)
                 	ST   X,R30
                 	.ENDM
                 
                 	.MACRO __PUTW1RN
                 	MOVW R26,R@0
                 	SUBI R26,LOW(-@1)
                 	SBCI R27,HIGH(-@1)
                 	ST   X+,R30
                 	ST   X,R31
                 	.ENDM
                 
                 	.MACRO __PUTD1RN
                 	MOVW R26,R@0
                 	SUBI R26,LOW(-@1)
                 	SBCI R27,HIGH(-@1)
                 	CALL __PUTDP1
                 	.ENDM
                 
                 	.MACRO __PUTB1RNS
                 	MOVW R26,R@0
                 	ADIW R26,@1
                 	ST   X,R30
                 	.ENDM
                 
                 	.MACRO __PUTW1RNS
                 	MOVW R26,R@0
                 	ADIW R26,@1
                 	ST   X+,R30
                 	ST   X,R31
                 	.ENDM
                 
                 	.MACRO __PUTD1RNS
                 	MOVW R26,R@0
                 	ADIW R26,@1
                 	CALL __PUTDP1
                 	.ENDM
                 
                 	.MACRO __PUTB1RON
                 	MOV  R26,R@0
                 	MOV  R27,R@1
                 	SUBI R26,LOW(-@2)
                 	SBCI R27,HIGH(-@2)
                 	ST   X,R30
                 	.ENDM
                 
                 	.MACRO __PUTW1RON
                 	MOV  R26,R@0
                 	MOV  R27,R@1
                 	SUBI R26,LOW(-@2)
                 	SBCI R27,HIGH(-@2)
                 	ST   X+,R30
                 	ST   X,R31
                 	.ENDM
                 
                 	.MACRO __PUTD1RON
                 	MOV  R26,R@0
                 	MOV  R27,R@1
                 	SUBI R26,LOW(-@2)
                 	SBCI R27,HIGH(-@2)
                 	CALL __PUTDP1
                 	.ENDM
                 
                 	.MACRO __PUTB1RONS
                 	MOV  R26,R@0
                 	MOV  R27,R@1
                 	ADIW R26,@2
                 	ST   X,R30
                 	.ENDM
                 
                 	.MACRO __PUTW1RONS
                 	MOV  R26,R@0
                 	MOV  R27,R@1
                 	ADIW R26,@2
                 	ST   X+,R30
                 	ST   X,R31
                 	.ENDM
                 
                 	.MACRO __PUTD1RONS
                 	MOV  R26,R@0
                 	MOV  R27,R@1
                 	ADIW R26,@2
                 	CALL __PUTDP1
                 	.ENDM
                 
                 
                 	.MACRO __GETB1SX
                 	MOVW R30,R28
                 	SUBI R30,LOW(-@0)
                 	SBCI R31,HIGH(-@0)
                 	LD   R30,Z
                 	.ENDM
                 
                 	.MACRO __GETB1HSX
                 	MOVW R30,R28
                 	SUBI R30,LOW(-@0)
                 	SBCI R31,HIGH(-@0)
                 	LD   R31,Z
                 	.ENDM
                 
                 	.MACRO __GETW1SX
                 	MOVW R30,R28
                 	SUBI R30,LOW(-@0)
                 	SBCI R31,HIGH(-@0)
                 	LD   R0,Z+
                 	LD   R31,Z
                 	MOV  R30,R0
                 	.ENDM
                 
                 	.MACRO __GETD1SX
                 	MOVW R30,R28
                 	SUBI R30,LOW(-@0)
                 	SBCI R31,HIGH(-@0)
                 	LD   R0,Z+
                 	LD   R1,Z+
                 	LD   R22,Z+
                 	LD   R23,Z
                 	MOVW R30,R0
                 	.ENDM
                 
                 	.MACRO __GETB2SX
                 	MOVW R26,R28
                 	SUBI R26,LOW(-@0)
                 	SBCI R27,HIGH(-@0)
                 	LD   R26,X
                 	.ENDM
                 
                 	.MACRO __GETW2SX
                 	MOVW R26,R28
                 	SUBI R26,LOW(-@0)
                 	SBCI R27,HIGH(-@0)
                 	LD   R0,X+
                 	LD   R27,X
                 	MOV  R26,R0
                 	.ENDM
                 
                 	.MACRO __GETD2SX
                 	MOVW R26,R28
                 	SUBI R26,LOW(-@0)
                 	SBCI R27,HIGH(-@0)
                 	LD   R0,X+
                 	LD   R1,X+
                 	LD   R24,X+
                 	LD   R25,X
                 	MOVW R26,R0
                 	.ENDM
                 
                 	.MACRO __GETBRSX
                 	MOVW R30,R28
                 	SUBI R30,LOW(-@1)
                 	SBCI R31,HIGH(-@1)
                 	LD   R@0,Z
                 	.ENDM
                 
                 	.MACRO __GETWRSX
                 	MOVW R30,R28
                 	SUBI R30,LOW(-@2)
                 	SBCI R31,HIGH(-@2)
                 	LD   R@0,Z+
                 	LD   R@1,Z
                 	.ENDM
                 
                 	.MACRO __GETBRSX2
                 	MOVW R26,R28
                 	SUBI R26,LOW(-@1)
                 	SBCI R27,HIGH(-@1)
                 	LD   R@0,X
                 	.ENDM
                 
                 	.MACRO __GETWRSX2
                 	MOVW R26,R28
                 	SUBI R26,LOW(-@2)
                 	SBCI R27,HIGH(-@2)
                 	LD   R@0,X+
                 	LD   R@1,X
                 	.ENDM
                 
                 	.MACRO __LSLW8SX
                 	MOVW R30,R28
                 	SUBI R30,LOW(-@0)
                 	SBCI R31,HIGH(-@0)
                 	LD   R31,Z
                 	CLR  R30
                 	.ENDM
                 
                 	.MACRO __PUTB1SX
                 	MOVW R26,R28
                 	SUBI R26,LOW(-@0)
                 	SBCI R27,HIGH(-@0)
                 	ST   X,R30
                 	.ENDM
                 
                 	.MACRO __PUTW1SX
                 	MOVW R26,R28
                 	SUBI R26,LOW(-@0)
                 	SBCI R27,HIGH(-@0)
                 	ST   X+,R30
                 	ST   X,R31
                 	.ENDM
                 
                 	.MACRO __PUTD1SX
                 	MOVW R26,R28
                 	SUBI R26,LOW(-@0)
                 	SBCI R27,HIGH(-@0)
                 	ST   X+,R30
                 	ST   X+,R31
                 	ST   X+,R22
                 	ST   X,R23
                 	.ENDM
                 
                 	.MACRO __CLRW1SX
                 	MOVW R26,R28
                 	SUBI R26,LOW(-@0)
                 	SBCI R27,HIGH(-@0)
                 	ST   X+,R30
                 	ST   X,R30
                 	.ENDM
                 
                 	.MACRO __CLRD1SX
                 	MOVW R26,R28
                 	SUBI R26,LOW(-@0)
                 	SBCI R27,HIGH(-@0)
                 	ST   X+,R30
                 	ST   X+,R30
                 	ST   X+,R30
                 	ST   X,R30
                 	.ENDM
                 
                 	.MACRO __PUTB2SX
                 	MOVW R30,R28
                 	SUBI R30,LOW(-@0)
                 	SBCI R31,HIGH(-@0)
                 	ST   Z,R26
                 	.ENDM
                 
                 	.MACRO __PUTW2SX
                 	MOVW R30,R28
                 	SUBI R30,LOW(-@0)
                 	SBCI R31,HIGH(-@0)
                 	ST   Z+,R26
                 	ST   Z,R27
                 	.ENDM
                 
                 	.MACRO __PUTD2SX
                 	MOVW R30,R28
                 	SUBI R30,LOW(-@0)
                 	SBCI R31,HIGH(-@0)
                 	ST   Z+,R26
                 	ST   Z+,R27
                 	ST   Z+,R24
                 	ST   Z,R25
                 	.ENDM
                 
                 	.MACRO __PUTBSRX
                 	MOVW R30,R28
                 	SUBI R30,LOW(-@1)
                 	SBCI R31,HIGH(-@1)
                 	ST   Z,R@0
                 	.ENDM
                 
                 	.MACRO __PUTWSRX
                 	MOVW R30,R28
                 	SUBI R30,LOW(-@2)
                 	SBCI R31,HIGH(-@2)
                 	ST   Z+,R@0
                 	ST   Z,R@1
                 	.ENDM
                 
                 	.MACRO __PUTB1SNX
                 	MOVW R26,R28
                 	SUBI R26,LOW(-@0)
                 	SBCI R27,HIGH(-@0)
                 	LD   R0,X+
                 	LD   R27,X
                 	MOV  R26,R0
                 	SUBI R26,LOW(-@1)
                 	SBCI R27,HIGH(-@1)
                 	ST   X,R30
                 	.ENDM
                 
                 	.MACRO __PUTW1SNX
                 	MOVW R26,R28
                 	SUBI R26,LOW(-@0)
                 	SBCI R27,HIGH(-@0)
                 	LD   R0,X+
                 	LD   R27,X
                 	MOV  R26,R0
                 	SUBI R26,LOW(-@1)
                 	SBCI R27,HIGH(-@1)
                 	ST   X+,R30
                 	ST   X,R31
                 	.ENDM
                 
                 	.MACRO __PUTD1SNX
                 	MOVW R26,R28
                 	SUBI R26,LOW(-@0)
                 	SBCI R27,HIGH(-@0)
                 	LD   R0,X+
                 	LD   R27,X
                 	MOV  R26,R0
                 	SUBI R26,LOW(-@1)
                 	SBCI R27,HIGH(-@1)
                 	ST   X+,R30
                 	ST   X+,R31
                 	ST   X+,R22
                 	ST   X,R23
                 	.ENDM
                 
                 	.MACRO __MULBRR
                 	MULS R@0,R@1
                 	MOVW R30,R0
                 	.ENDM
                 
                 	.MACRO __MULBRRU
                 	MUL  R@0,R@1
                 	MOVW R30,R0
                 	.ENDM
                 
                 	.MACRO __MULBRR0
                 	MULS R@0,R@1
                 	.ENDM
                 
                 	.MACRO __MULBRRU0
                 	MUL  R@0,R@1
                 	.ENDM
                 
                 	.MACRO __MULBNWRU
                 	LDI  R26,@2
                 	MUL  R26,R@0
                 	MOVW R30,R0
                 	MUL  R26,R@1
                 	ADD  R31,R0
                 	.ENDM
                 
                 ;NAME DEFINITIONS FOR GLOBAL VARIABLES ALLOCATED TO REGISTERS
                 	.DEF _count=R3
                 	.DEF _count_msb=R4
                 	.DEF __lcd_x=R6
                 	.DEF __lcd_y=R5
                 	.DEF __lcd_maxx=R8
                 
                 ;GPIOR0 INITIALIZATION VALUE
                 	.EQU __GPIOR0_INIT=0x00
                 
                 	.CSEG
                 	.ORG 0x00
                 
                 ;START OF CODE MARKER
                 __START_OF_CODE:
                 
                 ;INTERRUPT VECTORS
000000 940c 004b 	JMP  __RESET
000002 940c 007a 	JMP  _ext_int0_isr
000004 940c 0000 	JMP  0x00
000006 940c 0000 	JMP  0x00
000008 940c 0000 	JMP  0x00
00000a 940c 0000 	JMP  0x00
00000c 940c 0000 	JMP  0x00
00000e 940c 0000 	JMP  0x00
000010 940c 0000 	JMP  0x00
000012 940c 0000 	JMP  0x00
000014 940c 0000 	JMP  0x00
000016 940c 0000 	JMP  0x00
000018 940c 0000 	JMP  0x00
00001a 940c 0000 	JMP  0x00
00001c 940c 0000 	JMP  0x00
00001e 940c 0000 	JMP  0x00
000020 940c 0000 	JMP  0x00
000022 940c 0000 	JMP  0x00
000024 940c 0000 	JMP  0x00
000026 940c 0000 	JMP  0x00
000028 940c 0000 	JMP  0x00
00002a 940c 0000 	JMP  0x00
00002c 940c 0000 	JMP  0x00
00002e 940c 0000 	JMP  0x00
000030 940c 0000 	JMP  0x00
000032 940c 0000 	JMP  0x00
                 
                 _tbl10_G100:
000034 2710
000035 03e8
000036 0064
000037 000a      	.DB  0x10,0x27,0xE8,0x3,0x64,0x0,0xA,0x0
000038 0001      	.DB  0x1,0x0
                 _tbl16_G100:
000039 1000
00003a 0100
00003b 0010
00003c 0001      	.DB  0x0,0x10,0x0,0x1,0x10,0x0,0x1,0x0
                 
                 ;GLOBAL REGISTER VARIABLES INITIALIZATION
                 __REG_VARS:
00003d 0000      	.DB  0x0,0x0
                 
                 _0x0:
00003e 6f73
00003f 7320
000040 3a70
000041 2520      	.DB  0x73,0x6F,0x20,0x73,0x70,0x3A,0x20,0x25
000042 0064      	.DB  0x64,0x0
                 _0x2020003:
000043 c080      	.DB  0x80,0xC0
                 
                 __GLOBAL_INI_TBL:
000044 0002      	.DW  0x02
000045 0003      	.DW  0x03
000046 007a      	.DW  __REG_VARS*2
                 
000047 0002      	.DW  0x02
000048 0310      	.DW  __base_y_G101
000049 0086      	.DW  _0x2020003*2
                 
                 _0xFFFFFFFF:
00004a 0000      	.DW  0
                 
                 #define __GLOBAL_INI_TBL_PRESENT 1
                 
                 __RESET:
00004b 94f8      	CLI
00004c 27ee      	CLR  R30
00004d bbef      	OUT  EECR,R30
                 
                 ;INTERRUPT VECTORS ARE PLACED
                 ;AT THE START OF FLASH
00004e e0f1      	LDI  R31,1
00004f bff5      	OUT  MCUCR,R31
000050 bfe5      	OUT  MCUCR,R30
                 
                 ;CLEAR R2-R14
000051 e08d      	LDI  R24,(14-2)+1
000052 e0a2      	LDI  R26,2
000053 27bb      	CLR  R27
                 __CLEAR_REG:
000054 93ed      	ST   X+,R30
000055 958a      	DEC  R24
000056 f7e9      	BRNE __CLEAR_REG
                 
                 ;CLEAR SRAM
000057 e080      	LDI  R24,LOW(__CLEAR_SRAM_SIZE)
000058 e098      	LDI  R25,HIGH(__CLEAR_SRAM_SIZE)
000059 e0a0      	LDI  R26,LOW(__SRAM_START)
00005a e0b1      	LDI  R27,HIGH(__SRAM_START)
                 __CLEAR_SRAM:
00005b 93ed      	ST   X+,R30
00005c 9701      	SBIW R24,1
00005d f7e9      	BRNE __CLEAR_SRAM
                 
                 ;GLOBAL VARIABLES INITIALIZATION
00005e e8e8      	LDI  R30,LOW(__GLOBAL_INI_TBL*2)
00005f e0f0      	LDI  R31,HIGH(__GLOBAL_INI_TBL*2)
                 __GLOBAL_INI_NEXT:
000060 9185      	LPM  R24,Z+
000061 9195      	LPM  R25,Z+
000062 9700      	SBIW R24,0
000063 f061      	BREQ __GLOBAL_INI_END
000064 91a5      	LPM  R26,Z+
000065 91b5      	LPM  R27,Z+
000066 9005      	LPM  R0,Z+
000067 9015      	LPM  R1,Z+
000068 01bf      	MOVW R22,R30
000069 01f0      	MOVW R30,R0
                 __GLOBAL_INI_LOOP:
00006a 9005      	LPM  R0,Z+
00006b 920d      	ST   X+,R0
00006c 9701      	SBIW R24,1
00006d f7e1      	BRNE __GLOBAL_INI_LOOP
00006e 01fb      	MOVW R30,R22
00006f cff0      	RJMP __GLOBAL_INI_NEXT
                 __GLOBAL_INI_END:
                 
                 ;GPIOR0 INITIALIZATION
000070 e0e0      	LDI  R30,__GPIOR0_INIT
000071 bbee      	OUT  GPIOR0,R30
                 
                 ;HARDWARE STACK POINTER INITIALIZATION
000072 efef      	LDI  R30,LOW(__SRAM_END-__HEAP_SIZE)
000073 bfed      	OUT  SPL,R30
000074 e0e8      	LDI  R30,HIGH(__SRAM_END-__HEAP_SIZE)
000075 bfee      	OUT  SPH,R30
                 
                 ;DATA STACK POINTER INITIALIZATION
000076 e0c0      	LDI  R28,LOW(__SRAM_START+__DSTACK_SIZE)
000077 e0d3      	LDI  R29,HIGH(__SRAM_START+__DSTACK_SIZE)
                 
000078 940c 00b2 	JMP  _main
                 
                 	.ESEG
                 	.ORG 0
                 
                 	.DSEG
                 	.ORG 0x300
                 
                 	.CSEG
                 ;/*******************************************************
                 ;This program was created by the
                 ;CodeWizardAVR V3.12 Advanced
                 ;Automatic Program Generator
                 ;© Copyright 1998-2014 Pavel Haiduc, HP InfoTech s.r.l.
                 ;http://www.hpinfotech.com
                 ;
                 ;Project :
                 ;Version :
                 ;Date    : 6/4/2020
                 ;Author  :
                 ;Company :
                 ;Comments:
                 ;
                 ;
                 ;Chip type               : ATmega328P
                 ;Program type            : Application
                 ;AVR Core Clock frequency: 16.000000 MHz
                 ;Memory model            : Small
                 ;External RAM size       : 0
                 ;Data Stack size         : 512
                 ;*******************************************************/
                 ;
                 ;#include <mega328p.h>
                 	#ifndef __SLEEP_DEFINED__
                 	#define __SLEEP_DEFINED__
                 	.EQU __se_bit=0x01
                 	.EQU __sm_mask=0x0E
                 	.EQU __sm_adc_noise_red=0x02
                 	.EQU __sm_powerdown=0x04
                 	.EQU __sm_powersave=0x06
                 	.EQU __sm_standby=0x0C
                 	.EQU __sm_ext_standby=0x0E
                 	.SET power_ctrl_reg=smcr
                 	#endif
                 ;#include <stdio.h>
                 ;// Alphanumeric LCD functions
                 ;#include <alcd.h>
                 ;
                 ;// Declare your global variables here
                 ;
                 ;// External Interrupt 0 service routine
                 ;int count = 0;
                 ;char buffer[16];
                 ;void display(void);
                 ;interrupt [EXT_INT0] void ext_int0_isr(void)
                 ; 0000 0024 {
                 
                 	.CSEG
                 _ext_int0_isr:
                 ; .FSTART _ext_int0_isr
00007a 920a      	ST   -Y,R0
00007b 921a      	ST   -Y,R1
00007c 92fa      	ST   -Y,R15
00007d 936a      	ST   -Y,R22
00007e 937a      	ST   -Y,R23
00007f 938a      	ST   -Y,R24
000080 939a      	ST   -Y,R25
000081 93aa      	ST   -Y,R26
000082 93ba      	ST   -Y,R27
000083 93ea      	ST   -Y,R30
000084 93fa      	ST   -Y,R31
000085 b7ef      	IN   R30,SREG
000086 93ea      	ST   -Y,R30
                 ; 0000 0025 // Place your code here
                 ; 0000 0026     count ++;
000087 e0e1      	LDI  R30,LOW(1)
000088 e0f0      	LDI  R31,HIGH(1)
                +
000089 0e3e     +ADD R3 , R30
00008a 1e4f     +ADC R4 , R31
                 	__ADDWRR 3,4,30,31
                 ; 0000 0027     display();
00008b d00e      	RCALL _display
                 ; 0000 0028 }
00008c 91e9      	LD   R30,Y+
00008d bfef      	OUT  SREG,R30
00008e 91f9      	LD   R31,Y+
00008f 91e9      	LD   R30,Y+
000090 91b9      	LD   R27,Y+
000091 91a9      	LD   R26,Y+
000092 9199      	LD   R25,Y+
000093 9189      	LD   R24,Y+
000094 9179      	LD   R23,Y+
000095 9169      	LD   R22,Y+
000096 90f9      	LD   R15,Y+
000097 9019      	LD   R1,Y+
000098 9009      	LD   R0,Y+
000099 9518      	RETI
                 ; .FEND
                 ;void display(void)
                 ; 0000 002A {
                 _display:
                 ; .FSTART _display
                 ; 0000 002B     sprintf(buffer,"so sp: %d",count);
00009a e0e0      	LDI  R30,LOW(_buffer)
00009b e0f3      	LDI  R31,HIGH(_buffer)
00009c 93fa      	ST   -Y,R31
00009d 93ea      	ST   -Y,R30
                +
00009e e7ec     +LDI R30 , LOW ( 2 * _0x0 + ( 0 ) )
00009f e0f0     +LDI R31 , HIGH ( 2 * _0x0 + ( 0 ) )
                 	__POINTW1FN _0x0,0
0000a0 93fa      	ST   -Y,R31
0000a1 93ea      	ST   -Y,R30
                +
0000a2 2de3     +MOV R30 , R3
0000a3 2df4     +MOV R31 , R4
                 	__GETW1R 3,4
0000a4 940e 03bc 	CALL __CWD1
0000a6 940e 03c9 	CALL __PUTPARD1
0000a8 e084      	LDI  R24,4
0000a9 d1d9      	RCALL _sprintf
0000aa 9628      	ADIW R28,8
                 ; 0000 002C     lcd_clear();
0000ab 940e 02f6 	CALL _lcd_clear
                 ; 0000 002D     lcd_puts(buffer);
0000ad e0a0      	LDI  R26,LOW(_buffer)
0000ae e0b3      	LDI  R27,HIGH(_buffer)
0000af 940e 0317 	CALL _lcd_puts
                 ; 0000 002E }
0000b1 9508      	RET
                 ; .FEND
                 ;void main(void)
                 ; 0000 0030 {
                 _main:
                 ; .FSTART _main
                 ; 0000 0031 // Declare your local variables here
                 ; 0000 0032 
                 ; 0000 0033 // Crystal Oscillator division factor: 1
                 ; 0000 0034 #pragma optsize-
                 ; 0000 0035 CLKPR=(1<<CLKPCE);
0000b2 e8e0      	LDI  R30,LOW(128)
0000b3 93e0 0061 	STS  97,R30
                 ; 0000 0036 CLKPR=(0<<CLKPCE) | (0<<CLKPS3) | (0<<CLKPS2) | (0<<CLKPS1) | (0<<CLKPS0);
0000b5 e0e0      	LDI  R30,LOW(0)
0000b6 93e0 0061 	STS  97,R30
                 ; 0000 0037 #ifdef _OPTIMIZE_SIZE_
                 ; 0000 0038 #pragma optsize+
                 ; 0000 0039 #endif
                 ; 0000 003A 
                 ; 0000 003B // Input/Output Ports initialization
                 ; 0000 003C // Port B initialization
                 ; 0000 003D // Function: Bit7=In Bit6=In Bit5=In Bit4=In Bit3=In Bit2=In Bit1=In Bit0=In
                 ; 0000 003E DDRB=(0<<DDB7) | (0<<DDB6) | (0<<DDB5) | (0<<DDB4) | (0<<DDB3) | (0<<DDB2) | (0<<DDB1) | (0<<DDB0);
0000b8 b9e4      	OUT  0x4,R30
                 ; 0000 003F // State: Bit7=T Bit6=T Bit5=T Bit4=T Bit3=T Bit2=T Bit1=T Bit0=T
                 ; 0000 0040 PORTB=(0<<PORTB7) | (0<<PORTB6) | (0<<PORTB5) | (0<<PORTB4) | (0<<PORTB3) | (0<<PORTB2) | (0<<PORTB1) | (0<<PORTB0);
0000b9 b9e5      	OUT  0x5,R30
                 ; 0000 0041 
                 ; 0000 0042 // Port C initialization
                 ; 0000 0043 // Function: Bit6=In Bit5=In Bit4=In Bit3=In Bit2=In Bit1=In Bit0=In
                 ; 0000 0044 DDRC=(0<<DDC6) | (0<<DDC5) | (0<<DDC4) | (0<<DDC3) | (0<<DDC2) | (0<<DDC1) | (0<<DDC0);
0000ba b9e7      	OUT  0x7,R30
                 ; 0000 0045 // State: Bit6=T Bit5=T Bit4=T Bit3=T Bit2=T Bit1=T Bit0=T
                 ; 0000 0046 PORTC=(0<<PORTC6) | (0<<PORTC5) | (0<<PORTC4) | (0<<PORTC3) | (0<<PORTC2) | (0<<PORTC1) | (0<<PORTC0);
0000bb b9e8      	OUT  0x8,R30
                 ; 0000 0047 
                 ; 0000 0048 // Port D initialization
                 ; 0000 0049 // Function: Bit7=In Bit6=In Bit5=In Bit4=In Bit3=In Bit2=In Bit1=In Bit0=In
                 ; 0000 004A DDRD=(0<<DDD7) | (0<<DDD6) | (0<<DDD5) | (0<<DDD4) | (0<<DDD3) | (0<<DDD2) | (0<<DDD1) | (0<<DDD0);
0000bc b9ea      	OUT  0xA,R30
                 ; 0000 004B // State: Bit7=T Bit6=T Bit5=T Bit4=T Bit3=P Bit2=T Bit1=T Bit0=T
                 ; 0000 004C PORTD=(0<<PORTD7) | (0<<PORTD6) | (0<<PORTD5) | (0<<PORTD4) | (1<<PORTD3) | (0<<PORTD2) | (0<<PORTD1) | (0<<PORTD0);
0000bd e0e8      	LDI  R30,LOW(8)
0000be b9eb      	OUT  0xB,R30
                 ; 0000 004D 
                 ; 0000 004E // Timer/Counter 0 initialization
                 ; 0000 004F // Clock source: System Clock
                 ; 0000 0050 // Clock value: Timer 0 Stopped
                 ; 0000 0051 // Mode: Normal top=0xFF
                 ; 0000 0052 // OC0A output: Disconnected
                 ; 0000 0053 // OC0B output: Disconnected
                 ; 0000 0054 TCCR0A=(0<<COM0A1) | (0<<COM0A0) | (0<<COM0B1) | (0<<COM0B0) | (0<<WGM01) | (0<<WGM00);
0000bf e0e0      	LDI  R30,LOW(0)
0000c0 bde4      	OUT  0x24,R30
                 ; 0000 0055 TCCR0B=(0<<WGM02) | (0<<CS02) | (0<<CS01) | (0<<CS00);
0000c1 bde5      	OUT  0x25,R30
                 ; 0000 0056 TCNT0=0x00;
0000c2 bde6      	OUT  0x26,R30
                 ; 0000 0057 OCR0A=0x00;
0000c3 bde7      	OUT  0x27,R30
                 ; 0000 0058 OCR0B=0x00;
0000c4 bde8      	OUT  0x28,R30
                 ; 0000 0059 
                 ; 0000 005A // Timer/Counter 1 initialization
                 ; 0000 005B // Clock source: System Clock
                 ; 0000 005C // Clock value: Timer1 Stopped
                 ; 0000 005D // Mode: Normal top=0xFFFF
                 ; 0000 005E // OC1A output: Disconnected
                 ; 0000 005F // OC1B output: Disconnected
                 ; 0000 0060 // Noise Canceler: Off
                 ; 0000 0061 // Input Capture on Falling Edge
                 ; 0000 0062 // Timer1 Overflow Interrupt: Off
                 ; 0000 0063 // Input Capture Interrupt: Off
                 ; 0000 0064 // Compare A Match Interrupt: Off
                 ; 0000 0065 // Compare B Match Interrupt: Off
                 ; 0000 0066 TCCR1A=(0<<COM1A1) | (0<<COM1A0) | (0<<COM1B1) | (0<<COM1B0) | (0<<WGM11) | (0<<WGM10);
0000c5 93e0 0080 	STS  128,R30
                 ; 0000 0067 TCCR1B=(0<<ICNC1) | (0<<ICES1) | (0<<WGM13) | (0<<WGM12) | (0<<CS12) | (0<<CS11) | (0<<CS10);
0000c7 93e0 0081 	STS  129,R30
                 ; 0000 0068 TCNT1H=0x00;
0000c9 93e0 0085 	STS  133,R30
                 ; 0000 0069 TCNT1L=0x00;
0000cb 93e0 0084 	STS  132,R30
                 ; 0000 006A ICR1H=0x00;
0000cd 93e0 0087 	STS  135,R30
                 ; 0000 006B ICR1L=0x00;
0000cf 93e0 0086 	STS  134,R30
                 ; 0000 006C OCR1AH=0x00;
0000d1 93e0 0089 	STS  137,R30
                 ; 0000 006D OCR1AL=0x00;
0000d3 93e0 0088 	STS  136,R30
                 ; 0000 006E OCR1BH=0x00;
0000d5 93e0 008b 	STS  139,R30
                 ; 0000 006F OCR1BL=0x00;
0000d7 93e0 008a 	STS  138,R30
                 ; 0000 0070 
                 ; 0000 0071 // Timer/Counter 2 initialization
                 ; 0000 0072 // Clock source: System Clock
                 ; 0000 0073 // Clock value: Timer2 Stopped
                 ; 0000 0074 // Mode: Normal top=0xFF
                 ; 0000 0075 // OC2A output: Disconnected
                 ; 0000 0076 // OC2B output: Disconnected
                 ; 0000 0077 ASSR=(0<<EXCLK) | (0<<AS2);
0000d9 93e0 00b6 	STS  182,R30
                 ; 0000 0078 TCCR2A=(0<<COM2A1) | (0<<COM2A0) | (0<<COM2B1) | (0<<COM2B0) | (0<<WGM21) | (0<<WGM20);
0000db 93e0 00b0 	STS  176,R30
                 ; 0000 0079 TCCR2B=(0<<WGM22) | (0<<CS22) | (0<<CS21) | (0<<CS20);
0000dd 93e0 00b1 	STS  177,R30
                 ; 0000 007A TCNT2=0x00;
0000df 93e0 00b2 	STS  178,R30
                 ; 0000 007B OCR2A=0x00;
0000e1 93e0 00b3 	STS  179,R30
                 ; 0000 007C OCR2B=0x00;
0000e3 93e0 00b4 	STS  180,R30
                 ; 0000 007D 
                 ; 0000 007E // Timer/Counter 0 Interrupt(s) initialization
                 ; 0000 007F TIMSK0=(0<<OCIE0B) | (0<<OCIE0A) | (0<<TOIE0);
0000e5 93e0 006e 	STS  110,R30
                 ; 0000 0080 
                 ; 0000 0081 // Timer/Counter 1 Interrupt(s) initialization
                 ; 0000 0082 TIMSK1=(0<<ICIE1) | (0<<OCIE1B) | (0<<OCIE1A) | (0<<TOIE1);
0000e7 93e0 006f 	STS  111,R30
                 ; 0000 0083 
                 ; 0000 0084 // Timer/Counter 2 Interrupt(s) initialization
                 ; 0000 0085 TIMSK2=(0<<OCIE2B) | (0<<OCIE2A) | (0<<TOIE2);
0000e9 93e0 0070 	STS  112,R30
                 ; 0000 0086 
                 ; 0000 0087 // External Interrupt(s) initialization
                 ; 0000 0088 // INT0: On
                 ; 0000 0089 // INT0 Mode: Falling Edge
                 ; 0000 008A // INT1: Off
                 ; 0000 008B // Interrupt on any change on pins PCINT0-7: Off
                 ; 0000 008C // Interrupt on any change on pins PCINT8-14: Off
                 ; 0000 008D // Interrupt on any change on pins PCINT16-23: Off
                 ; 0000 008E EICRA=(0<<ISC11) | (0<<ISC10) | (1<<ISC01) | (0<<ISC00);
0000eb e0e2      	LDI  R30,LOW(2)
0000ec 93e0 0069 	STS  105,R30
                 ; 0000 008F EIMSK=(0<<INT1) | (1<<INT0);
0000ee e0e1      	LDI  R30,LOW(1)
0000ef bbed      	OUT  0x1D,R30
                 ; 0000 0090 EIFR=(0<<INTF1) | (1<<INTF0);
0000f0 bbec      	OUT  0x1C,R30
                 ; 0000 0091 PCICR=(0<<PCIE2) | (0<<PCIE1) | (0<<PCIE0);
0000f1 e0e0      	LDI  R30,LOW(0)
0000f2 93e0 0068 	STS  104,R30
                 ; 0000 0092 
                 ; 0000 0093 // USART initialization
                 ; 0000 0094 // USART disabled
                 ; 0000 0095 UCSR0B=(0<<RXCIE0) | (0<<TXCIE0) | (0<<UDRIE0) | (0<<RXEN0) | (0<<TXEN0) | (0<<UCSZ02) | (0<<RXB80) | (0<<TXB80);
0000f4 93e0 00c1 	STS  193,R30
                 ; 0000 0096 
                 ; 0000 0097 // Analog Comparator initialization
                 ; 0000 0098 // Analog Comparator: Off
                 ; 0000 0099 // The Analog Comparator's positive input is
                 ; 0000 009A // connected to the AIN0 pin
                 ; 0000 009B // The Analog Comparator's negative input is
                 ; 0000 009C // connected to the AIN1 pin
                 ; 0000 009D ACSR=(1<<ACD) | (0<<ACBG) | (0<<ACO) | (0<<ACI) | (0<<ACIE) | (0<<ACIC) | (0<<ACIS1) | (0<<ACIS0);
0000f6 e8e0      	LDI  R30,LOW(128)
0000f7 bfe0      	OUT  0x30,R30
                 ; 0000 009E ADCSRB=(0<<ACME);
0000f8 e0e0      	LDI  R30,LOW(0)
0000f9 93e0 007b 	STS  123,R30
                 ; 0000 009F // Digital input buffer on AIN0: On
                 ; 0000 00A0 // Digital input buffer on AIN1: On
                 ; 0000 00A1 DIDR1=(0<<AIN0D) | (0<<AIN1D);
0000fb 93e0 007f 	STS  127,R30
                 ; 0000 00A2 
                 ; 0000 00A3 // ADC initialization
                 ; 0000 00A4 // ADC disabled
                 ; 0000 00A5 ADCSRA=(0<<ADEN) | (0<<ADSC) | (0<<ADATE) | (0<<ADIF) | (0<<ADIE) | (0<<ADPS2) | (0<<ADPS1) | (0<<ADPS0);
0000fd 93e0 007a 	STS  122,R30
                 ; 0000 00A6 
                 ; 0000 00A7 // SPI initialization
                 ; 0000 00A8 // SPI disabled
                 ; 0000 00A9 SPCR=(0<<SPIE) | (0<<SPE) | (0<<DORD) | (0<<MSTR) | (0<<CPOL) | (0<<CPHA) | (0<<SPR1) | (0<<SPR0);
0000ff bdec      	OUT  0x2C,R30
                 ; 0000 00AA 
                 ; 0000 00AB // TWI initialization
                 ; 0000 00AC // TWI disabled
                 ; 0000 00AD TWCR=(0<<TWEA) | (0<<TWSTA) | (0<<TWSTO) | (0<<TWEN) | (0<<TWIE);
000100 93e0 00bc 	STS  188,R30
                 ; 0000 00AE 
                 ; 0000 00AF // Alphanumeric LCD initialization
                 ; 0000 00B0 // Connections are specified in the
                 ; 0000 00B1 // Project|Configure|C Compiler|Libraries|Alphanumeric LCD menu:
                 ; 0000 00B2 // RS - PORTB Bit 0
                 ; 0000 00B3 // RD - PORTB Bit 1
                 ; 0000 00B4 // EN - PORTB Bit 2
                 ; 0000 00B5 // D4 - PORTB Bit 3
                 ; 0000 00B6 // D5 - PORTB Bit 4
                 ; 0000 00B7 // D6 - PORTB Bit 5
                 ; 0000 00B8 // D7 - PORTC Bit 0
                 ; 0000 00B9 // Characters/line: 16
                 ; 0000 00BA lcd_init(16);
000102 e1a0      	LDI  R26,LOW(16)
000103 940e 0328 	CALL _lcd_init
                 ; 0000 00BB 
                 ; 0000 00BC // Global enable interrupts
                 ; 0000 00BD #asm("sei")
000105 9478      	sei
                 ; 0000 00BE 
                 ; 0000 00BF while (1)
                 _0x3:
                 ; 0000 00C0       {
                 ; 0000 00C1       // Place your code here
                 ; 0000 00C2           if(PIND.3 ==0)
000106 994b      	SBIC 0x9,3
000107 c005      	RJMP _0x6
                 ; 0000 00C3           {
                 ; 0000 00C4             count =0;
000108 2433      	CLR  R3
000109 2444      	CLR  R4
                 ; 0000 00C5             display();
00010a df8f      	RCALL _display
                 ; 0000 00C6             while(PIND.3 ==0);    // cai nay de khi minh nha tay len thi no moi het vong lap (ms hien thi lai)
                 _0x7:
00010b 9b4b      	SBIS 0x9,3
00010c cffe      	RJMP _0x7
                 ; 0000 00C7           }
                 ; 0000 00C8       }
                 _0x6:
00010d cff8      	RJMP _0x3
                 ; 0000 00C9 }
                 _0xA:
00010e cfff      	RJMP _0xA
                 ; .FEND
                 	#ifndef __SLEEP_DEFINED__
                 	#endif
                 
                 	.CSEG
                 _put_buff_G100:
                 ; .FSTART _put_buff_G100
00010f 93ba      	ST   -Y,R27
000110 93aa      	ST   -Y,R26
000111 931a      	ST   -Y,R17
000112 930a      	ST   -Y,R16
000113 81aa      	LDD  R26,Y+2
000114 81bb      	LDD  R27,Y+2+1
000115 9612      	ADIW R26,2
000116 940e 03c1 	CALL __GETW1P
000118 9730      	SBIW R30,0
000119 f159      	BREQ _0x2000016
00011a 81aa      	LDD  R26,Y+2
00011b 81bb      	LDD  R27,Y+2+1
00011c 9614      	ADIW R26,4
00011d 940e 03c1 	CALL __GETW1P
00011f 018f      	MOVW R16,R30
000120 9730      	SBIW R30,0
000121 f061      	BREQ _0x2000018
                +
000122 3002     +CPI R16 , LOW ( 2 )
000123 e0e0     +LDI R30 , HIGH ( 2 )
000124 071e     +CPC R17 , R30
                 	__CPWRN 16,17,2
000125 f098      	BRLO _0x2000019
000126 01f8      	MOVW R30,R16
000127 9731      	SBIW R30,1
000128 018f      	MOVW R16,R30
                +
000129 81aa     +LDD R26 , Y + 2
00012a 81bb     +LDD R27 , Y + 2 + 1
00012b 9614     +ADIW R26 , 4
00012c 93ed     +ST X + , R30
00012d 93fc     +ST X , R31
                 	__PUTW1SNS 2,4
                 _0x2000018:
00012e 81aa      	LDD  R26,Y+2
00012f 81bb      	LDD  R27,Y+2+1
000130 9612      	ADIW R26,2
000131 91ed      	LD   R30,X+
000132 91fd      	LD   R31,X+
000133 9631      	ADIW R30,1
000134 93fe      	ST   -X,R31
000135 93ee      	ST   -X,R30
000136 9731      	SBIW R30,1
000137 81ac      	LDD  R26,Y+4
000138 83a0      	STD  Z+0,R26
                 _0x2000019:
000139 81aa      	LDD  R26,Y+2
00013a 81bb      	LDD  R27,Y+2+1
00013b 940e 03c1 	CALL __GETW1P
00013d 23ff      	TST  R31
00013e f02a      	BRMI _0x200001A
00013f 91ed      	LD   R30,X+
000140 91fd      	LD   R31,X+
000141 9631      	ADIW R30,1
000142 93fe      	ST   -X,R31
000143 93ee      	ST   -X,R30
                 _0x200001A:
000144 c006      	RJMP _0x200001B
                 _0x2000016:
000145 81aa      	LDD  R26,Y+2
000146 81bb      	LDD  R27,Y+2+1
000147 efef      	LDI  R30,LOW(65535)
000148 efff      	LDI  R31,HIGH(65535)
000149 93ed      	ST   X+,R30
00014a 93fc      	ST   X,R31
                 _0x200001B:
00014b 8119      	LDD  R17,Y+1
00014c 8108      	LDD  R16,Y+0
00014d 9625      	ADIW R28,5
00014e 9508      	RET
                 ; .FEND
                 __print_G100:
                 ; .FSTART __print_G100
00014f 93ba      	ST   -Y,R27
000150 93aa      	ST   -Y,R26
000151 9726      	SBIW R28,6
000152 940e 03ce 	CALL __SAVELOCR6
000154 e010      	LDI  R17,0
000155 85ac      	LDD  R26,Y+12
000156 85bd      	LDD  R27,Y+12+1
000157 e0e0      	LDI  R30,LOW(0)
000158 e0f0      	LDI  R31,HIGH(0)
000159 93ed      	ST   X+,R30
00015a 93fc      	ST   X,R31
                 _0x200001C:
00015b 89ea      	LDD  R30,Y+18
00015c 89fb      	LDD  R31,Y+18+1
00015d 9631      	ADIW R30,1
00015e 8bea      	STD  Y+18,R30
00015f 8bfb      	STD  Y+18+1,R31
000160 9731      	SBIW R30,1
000161 91e4      	LPM  R30,Z
000162 2f2e      	MOV  R18,R30
000163 30e0      	CPI  R30,0
000164 f409      	BRNE PC+2
000165 c115      	RJMP _0x200001E
000166 2fe1      	MOV  R30,R17
000167 30e0      	CPI  R30,0
000168 f439      	BRNE _0x2000022
000169 3225      	CPI  R18,37
00016a f411      	BRNE _0x2000023
00016b e011      	LDI  R17,LOW(1)
00016c c002      	RJMP _0x2000024
                 _0x2000023:
00016d 940e 0370 	CALL SUBOPT_0x0
                 _0x2000024:
00016f c10a      	RJMP _0x2000021
                 _0x2000022:
000170 30e1      	CPI  R30,LOW(0x1)
000171 f4a9      	BRNE _0x2000025
000172 3225      	CPI  R18,37
000173 f419      	BRNE _0x2000026
000174 940e 0370 	CALL SUBOPT_0x0
000176 c102      	RJMP _0x20000D2
                 _0x2000026:
000177 e012      	LDI  R17,LOW(2)
000178 e040      	LDI  R20,LOW(0)
000179 e000      	LDI  R16,LOW(0)
00017a 322d      	CPI  R18,45
00017b f411      	BRNE _0x2000027
00017c e001      	LDI  R16,LOW(1)
00017d c0fc      	RJMP _0x2000021
                 _0x2000027:
00017e 322b      	CPI  R18,43
00017f f411      	BRNE _0x2000028
000180 e24b      	LDI  R20,LOW(43)
000181 c0f8      	RJMP _0x2000021
                 _0x2000028:
000182 3220      	CPI  R18,32
000183 f411      	BRNE _0x2000029
000184 e240      	LDI  R20,LOW(32)
000185 c0f4      	RJMP _0x2000021
                 _0x2000029:
000186 c002      	RJMP _0x200002A
                 _0x2000025:
000187 30e2      	CPI  R30,LOW(0x2)
000188 f439      	BRNE _0x200002B
                 _0x200002A:
000189 e050      	LDI  R21,LOW(0)
00018a e013      	LDI  R17,LOW(3)
00018b 3320      	CPI  R18,48
00018c f411      	BRNE _0x200002C
00018d 6800      	ORI  R16,LOW(128)
00018e c0eb      	RJMP _0x2000021
                 _0x200002C:
00018f c003      	RJMP _0x200002D
                 _0x200002B:
000190 30e3      	CPI  R30,LOW(0x3)
000191 f009      	BREQ PC+2
000192 c0e7      	RJMP _0x2000021
                 _0x200002D:
000193 3320      	CPI  R18,48
000194 f010      	BRLO _0x2000030
000195 332a      	CPI  R18,58
000196 f008      	BRLO _0x2000031
                 _0x2000030:
000197 c007      	RJMP _0x200002F
                 _0x2000031:
000198 e0aa      	LDI  R26,LOW(10)
000199 9f5a      	MUL  R21,R26
00019a 2d50      	MOV  R21,R0
00019b 2fe2      	MOV  R30,R18
00019c 53e0      	SUBI R30,LOW(48)
00019d 0f5e      	ADD  R21,R30
00019e c0db      	RJMP _0x2000021
                 _0x200002F:
00019f 2fe2      	MOV  R30,R18
0001a0 36e3      	CPI  R30,LOW(0x63)
0001a1 f449      	BRNE _0x2000035
0001a2 940e 0377 	CALL SUBOPT_0x1
0001a4 89e8      	LDD  R30,Y+16
0001a5 89f9      	LDD  R31,Y+16+1
0001a6 81a4      	LDD  R26,Z+4
0001a7 93aa      	ST   -Y,R26
0001a8 940e 037d 	CALL SUBOPT_0x2
0001aa c0ce      	RJMP _0x2000036
                 _0x2000035:
0001ab 37e3      	CPI  R30,LOW(0x73)
0001ac f441      	BRNE _0x2000038
0001ad 940e 0377 	CALL SUBOPT_0x1
0001af 940e 0383 	CALL SUBOPT_0x3
0001b1 940e 0357 	CALL _strlen
0001b3 2f1e      	MOV  R17,R30
0001b4 c00a      	RJMP _0x2000039
                 _0x2000038:
0001b5 37e0      	CPI  R30,LOW(0x70)
0001b6 f461      	BRNE _0x200003B
0001b7 940e 0377 	CALL SUBOPT_0x1
0001b9 940e 0383 	CALL SUBOPT_0x3
0001bb 940e 0363 	CALL _strlenf
0001bd 2f1e      	MOV  R17,R30
0001be 6008      	ORI  R16,LOW(8)
                 _0x2000039:
0001bf 6002      	ORI  R16,LOW(2)
0001c0 770f      	ANDI R16,LOW(127)
0001c1 e030      	LDI  R19,LOW(0)
0001c2 c034      	RJMP _0x200003C
                 _0x200003B:
0001c3 36e4      	CPI  R30,LOW(0x64)
0001c4 f011      	BREQ _0x200003F
0001c5 36e9      	CPI  R30,LOW(0x69)
0001c6 f411      	BRNE _0x2000040
                 _0x200003F:
0001c7 6004      	ORI  R16,LOW(4)
0001c8 c002      	RJMP _0x2000041
                 _0x2000040:
0001c9 37e5      	CPI  R30,LOW(0x75)
0001ca f431      	BRNE _0x2000042
                 _0x2000041:
0001cb e6e8      	LDI  R30,LOW(_tbl10_G100*2)
0001cc e0f0      	LDI  R31,HIGH(_tbl10_G100*2)
0001cd 83ee      	STD  Y+6,R30
0001ce 83ff      	STD  Y+6+1,R31
0001cf e015      	LDI  R17,LOW(5)
0001d0 c00c      	RJMP _0x2000043
                 _0x2000042:
0001d1 35e8      	CPI  R30,LOW(0x58)
0001d2 f411      	BRNE _0x2000045
0001d3 6008      	ORI  R16,LOW(8)
0001d4 c003      	RJMP _0x2000046
                 _0x2000045:
0001d5 37e8      	CPI  R30,LOW(0x78)
0001d6 f009      	BREQ PC+2
0001d7 c0a1      	RJMP _0x2000077
                 _0x2000046:
0001d8 e7e2      	LDI  R30,LOW(_tbl16_G100*2)
0001d9 e0f0      	LDI  R31,HIGH(_tbl16_G100*2)
0001da 83ee      	STD  Y+6,R30
0001db 83ff      	STD  Y+6+1,R31
0001dc e014      	LDI  R17,LOW(4)
                 _0x2000043:
0001dd ff02      	SBRS R16,2
0001de c014      	RJMP _0x2000048
0001df 940e 0377 	CALL SUBOPT_0x1
0001e1 940e 038d 	CALL SUBOPT_0x4
0001e3 85ab      	LDD  R26,Y+11
0001e4 23aa      	TST  R26
0001e5 f43a      	BRPL _0x2000049
0001e6 85ea      	LDD  R30,Y+10
0001e7 85fb      	LDD  R31,Y+10+1
0001e8 940e 03b8 	CALL __ANEGW1
0001ea 87ea      	STD  Y+10,R30
0001eb 87fb      	STD  Y+10+1,R31
0001ec e24d      	LDI  R20,LOW(45)
                 _0x2000049:
0001ed 3040      	CPI  R20,0
0001ee f011      	BREQ _0x200004A
0001ef 5f1f      	SUBI R17,-LOW(1)
0001f0 c001      	RJMP _0x200004B
                 _0x200004A:
0001f1 7f0b      	ANDI R16,LOW(251)
                 _0x200004B:
0001f2 c004      	RJMP _0x200004C
                 _0x2000048:
0001f3 940e 0377 	CALL SUBOPT_0x1
0001f5 940e 038d 	CALL SUBOPT_0x4
                 _0x200004C:
                 _0x200003C:
0001f7 fd00      	SBRC R16,0
0001f8 c011      	RJMP _0x200004D
                 _0x200004E:
0001f9 1715      	CP   R17,R21
0001fa f478      	BRSH _0x2000050
0001fb ff07      	SBRS R16,7
0001fc c008      	RJMP _0x2000051
0001fd ff02      	SBRS R16,2
0001fe c004      	RJMP _0x2000052
0001ff 7f0b      	ANDI R16,LOW(251)
000200 2f24      	MOV  R18,R20
000201 5011      	SUBI R17,LOW(1)
000202 c001      	RJMP _0x2000053
                 _0x2000052:
000203 e320      	LDI  R18,LOW(48)
                 _0x2000053:
000204 c001      	RJMP _0x2000054
                 _0x2000051:
000205 e220      	LDI  R18,LOW(32)
                 _0x2000054:
000206 940e 0370 	CALL SUBOPT_0x0
000208 5051      	SUBI R21,LOW(1)
000209 cfef      	RJMP _0x200004E
                 _0x2000050:
                 _0x200004D:
00020a 2f31      	MOV  R19,R17
00020b ff01      	SBRS R16,1
00020c c017      	RJMP _0x2000055
                 _0x2000056:
00020d 3030      	CPI  R19,0
00020e f0a1      	BREQ _0x2000058
00020f ff03      	SBRS R16,3
000210 c006      	RJMP _0x2000059
000211 81ee      	LDD  R30,Y+6
000212 81ff      	LDD  R31,Y+6+1
000213 9125      	LPM  R18,Z+
000214 83ee      	STD  Y+6,R30
000215 83ff      	STD  Y+6+1,R31
000216 c005      	RJMP _0x200005A
                 _0x2000059:
000217 81ae      	LDD  R26,Y+6
000218 81bf      	LDD  R27,Y+6+1
000219 912d      	LD   R18,X+
00021a 83ae      	STD  Y+6,R26
00021b 83bf      	STD  Y+6+1,R27
                 _0x200005A:
00021c 940e 0370 	CALL SUBOPT_0x0
00021e 3050      	CPI  R21,0
00021f f009      	BREQ _0x200005B
000220 5051      	SUBI R21,LOW(1)
                 _0x200005B:
000221 5031      	SUBI R19,LOW(1)
000222 cfea      	RJMP _0x2000056
                 _0x2000058:
000223 c04b      	RJMP _0x200005C
                 _0x2000055:
                 _0x200005E:
000224 e320      	LDI  R18,LOW(48)
000225 81ee      	LDD  R30,Y+6
000226 81ff      	LDD  R31,Y+6+1
000227 940e 03c5 	CALL __GETW1PF
000229 87e8      	STD  Y+8,R30
00022a 87f9      	STD  Y+8+1,R31
00022b 81ee      	LDD  R30,Y+6
00022c 81ff      	LDD  R31,Y+6+1
00022d 9632      	ADIW R30,2
00022e 83ee      	STD  Y+6,R30
00022f 83ff      	STD  Y+6+1,R31
                 _0x2000060:
000230 85e8      	LDD  R30,Y+8
000231 85f9      	LDD  R31,Y+8+1
000232 85aa      	LDD  R26,Y+10
000233 85bb      	LDD  R27,Y+10+1
000234 17ae      	CP   R26,R30
000235 07bf      	CPC  R27,R31
000236 f050      	BRLO _0x2000062
000237 5f2f      	SUBI R18,-LOW(1)
000238 85a8      	LDD  R26,Y+8
000239 85b9      	LDD  R27,Y+8+1
00023a 85ea      	LDD  R30,Y+10
00023b 85fb      	LDD  R31,Y+10+1
00023c 1bea      	SUB  R30,R26
00023d 0bfb      	SBC  R31,R27
00023e 87ea      	STD  Y+10,R30
00023f 87fb      	STD  Y+10+1,R31
000240 cfef      	RJMP _0x2000060
                 _0x2000062:
000241 332a      	CPI  R18,58
000242 f028      	BRLO _0x2000063
000243 ff03      	SBRS R16,3
000244 c002      	RJMP _0x2000064
000245 5f29      	SUBI R18,-LOW(7)
000246 c001      	RJMP _0x2000065
                 _0x2000064:
000247 5d29      	SUBI R18,-LOW(39)
                 _0x2000065:
                 _0x2000063:
000248 fd04      	SBRC R16,4
000249 c01a      	RJMP _0x2000067
00024a 3321      	CPI  R18,49
00024b f420      	BRSH _0x2000069
00024c 85a8      	LDD  R26,Y+8
00024d 85b9      	LDD  R27,Y+8+1
00024e 9711      	SBIW R26,1
00024f f409      	BRNE _0x2000068
                 _0x2000069:
000250 c009      	RJMP _0x20000D3
                 _0x2000068:
000251 1753      	CP   R21,R19
000252 f010      	BRLO _0x200006D
000253 ff00      	SBRS R16,0
000254 c001      	RJMP _0x200006E
                 _0x200006D:
000255 c013      	RJMP _0x200006C
                 _0x200006E:
000256 e220      	LDI  R18,LOW(32)
000257 ff07      	SBRS R16,7
000258 c00b      	RJMP _0x200006F
000259 e320      	LDI  R18,LOW(48)
                 _0x20000D3:
00025a 6100      	ORI  R16,LOW(16)
00025b ff02      	SBRS R16,2
00025c c007      	RJMP _0x2000070
00025d 7f0b      	ANDI R16,LOW(251)
00025e 934a      	ST   -Y,R20
00025f 940e 037d 	CALL SUBOPT_0x2
000261 3050      	CPI  R21,0
000262 f009      	BREQ _0x2000071
000263 5051      	SUBI R21,LOW(1)
                 _0x2000071:
                 _0x2000070:
                 _0x200006F:
                 _0x2000067:
000264 940e 0370 	CALL SUBOPT_0x0
000266 3050      	CPI  R21,0
000267 f009      	BREQ _0x2000072
000268 5051      	SUBI R21,LOW(1)
                 _0x2000072:
                 _0x200006C:
000269 5031      	SUBI R19,LOW(1)
00026a 85a8      	LDD  R26,Y+8
00026b 85b9      	LDD  R27,Y+8+1
00026c 9712      	SBIW R26,2
00026d f008      	BRLO _0x200005F
00026e cfb5      	RJMP _0x200005E
                 _0x200005F:
                 _0x200005C:
00026f ff00      	SBRS R16,0
000270 c008      	RJMP _0x2000073
                 _0x2000074:
000271 3050      	CPI  R21,0
000272 f031      	BREQ _0x2000076
000273 5051      	SUBI R21,LOW(1)
000274 e2e0      	LDI  R30,LOW(32)
000275 93ea      	ST   -Y,R30
000276 940e 037d 	CALL SUBOPT_0x2
000278 cff8      	RJMP _0x2000074
                 _0x2000076:
                 _0x2000073:
                 _0x2000077:
                 _0x2000036:
                 _0x20000D2:
000279 e010      	LDI  R17,LOW(0)
                 _0x2000021:
00027a cee0      	RJMP _0x200001C
                 _0x200001E:
00027b 85ac      	LDD  R26,Y+12
00027c 85bd      	LDD  R27,Y+12+1
00027d 940e 03c1 	CALL __GETW1P
00027f 940e 03d5 	CALL __LOADLOCR6
000281 9664      	ADIW R28,20
000282 9508      	RET
                 ; .FEND
                 _sprintf:
                 ; .FSTART _sprintf
000283 92ff      	PUSH R15
000284 2ef8      	MOV  R15,R24
000285 9726      	SBIW R28,6
000286 940e 03d0 	CALL __SAVELOCR4
000288 940e 0395 	CALL SUBOPT_0x5
00028a 9730      	SBIW R30,0
00028b f419      	BRNE _0x2000078
00028c efef      	LDI  R30,LOW(65535)
00028d efff      	LDI  R31,HIGH(65535)
00028e c023      	RJMP _0x2080002
                 _0x2000078:
00028f 01de      	MOVW R26,R28
000290 9616      	ADIW R26,6
000291 940e 03b4 	CALL __ADDW2R15
000293 018d      	MOVW R16,R26
000294 940e 0395 	CALL SUBOPT_0x5
000296 83ee      	STD  Y+6,R30
000297 83ff      	STD  Y+6+1,R31
000298 e0e0      	LDI  R30,LOW(0)
000299 87e8      	STD  Y+8,R30
00029a 87e9      	STD  Y+8+1,R30
00029b 01de      	MOVW R26,R28
00029c 961a      	ADIW R26,10
00029d 940e 03b4 	CALL __ADDW2R15
00029f 940e 03c1 	CALL __GETW1P
0002a1 93fa      	ST   -Y,R31
0002a2 93ea      	ST   -Y,R30
0002a3 931a      	ST   -Y,R17
0002a4 930a      	ST   -Y,R16
0002a5 e0ef      	LDI  R30,LOW(_put_buff_G100)
0002a6 e0f1      	LDI  R31,HIGH(_put_buff_G100)
0002a7 93fa      	ST   -Y,R31
0002a8 93ea      	ST   -Y,R30
0002a9 01de      	MOVW R26,R28
0002aa 961a      	ADIW R26,10
0002ab dea3      	RCALL __print_G100
0002ac 019f      	MOVW R18,R30
0002ad 81ae      	LDD  R26,Y+6
0002ae 81bf      	LDD  R27,Y+6+1
0002af e0e0      	LDI  R30,LOW(0)
0002b0 93ec      	ST   X,R30
0002b1 01f9      	MOVW R30,R18
                 _0x2080002:
0002b2 940e 03d7 	CALL __LOADLOCR4
0002b4 962a      	ADIW R28,10
0002b5 90ff      	POP  R15
0002b6 9508      	RET
                 ; .FEND
                 	#ifndef __SLEEP_DEFINED__
                 	#endif
                 
                 	.DSEG
                 
                 	.CSEG
                 __lcd_write_nibble_G101:
                 ; .FSTART __lcd_write_nibble_G101
0002b7 93aa      	ST   -Y,R26
0002b8 81e8      	LD   R30,Y
0002b9 71e0      	ANDI R30,LOW(0x10)
0002ba f011      	BREQ _0x2020004
0002bb 9a2b      	SBI  0x5,3
0002bc c001      	RJMP _0x2020005
                 _0x2020004:
0002bd 982b      	CBI  0x5,3
                 _0x2020005:
0002be 81e8      	LD   R30,Y
0002bf 72e0      	ANDI R30,LOW(0x20)
0002c0 f011      	BREQ _0x2020006
0002c1 9a2c      	SBI  0x5,4
0002c2 c001      	RJMP _0x2020007
                 _0x2020006:
0002c3 982c      	CBI  0x5,4
                 _0x2020007:
0002c4 81e8      	LD   R30,Y
0002c5 74e0      	ANDI R30,LOW(0x40)
0002c6 f011      	BREQ _0x2020008
0002c7 9a2d      	SBI  0x5,5
0002c8 c001      	RJMP _0x2020009
                 _0x2020008:
0002c9 982d      	CBI  0x5,5
                 _0x2020009:
0002ca 81e8      	LD   R30,Y
0002cb 78e0      	ANDI R30,LOW(0x80)
0002cc f011      	BREQ _0x202000A
0002cd 9a40      	SBI  0x8,0
0002ce c001      	RJMP _0x202000B
                 _0x202000A:
0002cf 9840      	CBI  0x8,0
                 _0x202000B:
                +
0002d0 e18b     +LDI R24 , LOW ( 27 )
                +__DELAY_USB_LOOP :
0002d1 958a     +DEC R24
0002d2 f7f1     +BRNE __DELAY_USB_LOOP
                 	__DELAY_USB 27
0002d3 9a2a      	SBI  0x5,2
                +
0002d4 e18b     +LDI R24 , LOW ( 27 )
                +__DELAY_USB_LOOP :
0002d5 958a     +DEC R24
0002d6 f7f1     +BRNE __DELAY_USB_LOOP
                 	__DELAY_USB 27
0002d7 982a      	CBI  0x5,2
                +
0002d8 e18b     +LDI R24 , LOW ( 27 )
                +__DELAY_USB_LOOP :
0002d9 958a     +DEC R24
0002da f7f1     +BRNE __DELAY_USB_LOOP
                 	__DELAY_USB 27
0002db c079      	RJMP _0x2080001
                 ; .FEND
                 __lcd_write_data:
                 ; .FSTART __lcd_write_data
0002dc 93aa      	ST   -Y,R26
0002dd 81a8      	LD   R26,Y
0002de dfd8      	RCALL __lcd_write_nibble_G101
0002df 81e8          ld    r30,y
0002e0 95e2          swap  r30
0002e1 83e8          st    y,r30
0002e2 81a8      	LD   R26,Y
0002e3 dfd3      	RCALL __lcd_write_nibble_G101
                +
0002e4 ec88     +LDI R24 , LOW ( 200 )
0002e5 e090     +LDI R25 , HIGH ( 200 )
                +__DELAY_USW_LOOP :
0002e6 9701     +SBIW R24 , 1
0002e7 f7f1     +BRNE __DELAY_USW_LOOP
                 	__DELAY_USW 200
0002e8 c06c      	RJMP _0x2080001
                 ; .FEND
                 _lcd_gotoxy:
                 ; .FSTART _lcd_gotoxy
0002e9 93aa      	ST   -Y,R26
0002ea 81e8      	LD   R30,Y
0002eb e0f0      	LDI  R31,0
0002ec 5fe0      	SUBI R30,LOW(-__base_y_G101)
0002ed 4ffc      	SBCI R31,HIGH(-__base_y_G101)
0002ee 81e0      	LD   R30,Z
0002ef 81a9      	LDD  R26,Y+1
0002f0 0fae      	ADD  R26,R30
0002f1 dfea      	RCALL __lcd_write_data
0002f2 8069      	LDD  R6,Y+1
0002f3 8058      	LDD  R5,Y+0
0002f4 9622      	ADIW R28,2
0002f5 9508      	RET
                 ; .FEND
                 _lcd_clear:
                 ; .FSTART _lcd_clear
0002f6 e0a2      	LDI  R26,LOW(2)
0002f7 940e 039c 	CALL SUBOPT_0x6
0002f9 e0ac      	LDI  R26,LOW(12)
0002fa dfe1      	RCALL __lcd_write_data
0002fb e0a1      	LDI  R26,LOW(1)
0002fc 940e 039c 	CALL SUBOPT_0x6
0002fe e0e0      	LDI  R30,LOW(0)
0002ff 2e5e      	MOV  R5,R30
000300 2e6e      	MOV  R6,R30
000301 9508      	RET
                 ; .FEND
                 _lcd_putchar:
                 ; .FSTART _lcd_putchar
000302 93aa      	ST   -Y,R26
000303 81a8      	LD   R26,Y
000304 30aa      	CPI  R26,LOW(0xA)
000305 f011      	BREQ _0x2020011
000306 1468      	CP   R6,R8
000307 f048      	BRLO _0x2020010
                 _0x2020011:
000308 e0e0      	LDI  R30,LOW(0)
000309 93ea      	ST   -Y,R30
00030a 9453      	INC  R5
00030b 2da5      	MOV  R26,R5
00030c dfdc      	RCALL _lcd_gotoxy
00030d 81a8      	LD   R26,Y
00030e 30aa      	CPI  R26,LOW(0xA)
00030f f409      	BRNE _0x2020013
000310 c044      	RJMP _0x2080001
                 _0x2020013:
                 _0x2020010:
000311 9463      	INC  R6
000312 9a28      	SBI  0x5,0
000313 81a8      	LD   R26,Y
000314 dfc7      	RCALL __lcd_write_data
000315 9828      	CBI  0x5,0
000316 c03e      	RJMP _0x2080001
                 ; .FEND
                 _lcd_puts:
                 ; .FSTART _lcd_puts
000317 93ba      	ST   -Y,R27
000318 93aa      	ST   -Y,R26
000319 931a      	ST   -Y,R17
                 _0x2020014:
00031a 81a9      	LDD  R26,Y+1
00031b 81ba      	LDD  R27,Y+1+1
00031c 91ed      	LD   R30,X+
00031d 83a9      	STD  Y+1,R26
00031e 83ba      	STD  Y+1+1,R27
00031f 2f1e      	MOV  R17,R30
000320 30e0      	CPI  R30,0
000321 f019      	BREQ _0x2020016
000322 2fa1      	MOV  R26,R17
000323 dfde      	RCALL _lcd_putchar
000324 cff5      	RJMP _0x2020014
                 _0x2020016:
000325 8118      	LDD  R17,Y+0
000326 9623      	ADIW R28,3
000327 9508      	RET
                 ; .FEND
                 _lcd_init:
                 ; .FSTART _lcd_init
000328 93aa      	ST   -Y,R26
000329 9a23      	SBI  0x4,3
00032a 9a24      	SBI  0x4,4
00032b 9a25      	SBI  0x4,5
00032c 9a38      	SBI  0x7,0
00032d 9a22      	SBI  0x4,2
00032e 9a20      	SBI  0x4,0
00032f 9a21      	SBI  0x4,1
000330 982a      	CBI  0x5,2
000331 9828      	CBI  0x5,0
000332 9829      	CBI  0x5,1
000333 8088      	LDD  R8,Y+0
000334 81e8      	LD   R30,Y
000335 58e0      	SUBI R30,-LOW(128)
                +
000336 93e0 0312+STS __base_y_G101 + ( 2 ) , R30
                 	__PUTB1MN __base_y_G101,2
000338 81e8      	LD   R30,Y
000339 54e0      	SUBI R30,-LOW(192)
                +
00033a 93e0 0313+STS __base_y_G101 + ( 3 ) , R30
                 	__PUTB1MN __base_y_G101,3
00033c e1a4      	LDI  R26,LOW(20)
00033d e0b0      	LDI  R27,0
00033e 940e 03aa 	CALL _delay_ms
000340 940e 03a2 	CALL SUBOPT_0x7
000342 940e 03a2 	CALL SUBOPT_0x7
000344 940e 03a2 	CALL SUBOPT_0x7
000346 e2a0      	LDI  R26,LOW(32)
000347 df6f      	RCALL __lcd_write_nibble_G101
                +
000348 e980     +LDI R24 , LOW ( 400 )
000349 e091     +LDI R25 , HIGH ( 400 )
                +__DELAY_USW_LOOP :
00034a 9701     +SBIW R24 , 1
00034b f7f1     +BRNE __DELAY_USW_LOOP
                 	__DELAY_USW 400
00034c e2a8      	LDI  R26,LOW(40)
00034d df8e      	RCALL __lcd_write_data
00034e e0a4      	LDI  R26,LOW(4)
00034f df8c      	RCALL __lcd_write_data
000350 e8a5      	LDI  R26,LOW(133)
000351 df8a      	RCALL __lcd_write_data
000352 e0a6      	LDI  R26,LOW(6)
000353 df88      	RCALL __lcd_write_data
000354 dfa1      	RCALL _lcd_clear
                 _0x2080001:
000355 9621      	ADIW R28,1
000356 9508      	RET
                 ; .FEND
                 
                 	.CSEG
                 
                 	.CSEG
                 _strlen:
                 ; .FSTART _strlen
000357 93ba      	ST   -Y,R27
000358 93aa      	ST   -Y,R26
000359 91a9          ld   r26,y+
00035a 91b9          ld   r27,y+
00035b 27ee          clr  r30
00035c 27ff          clr  r31
                 strlen0:
00035d 916d          ld   r22,x+
00035e 2366          tst  r22
00035f f011          breq strlen1
000360 9631          adiw r30,1
000361 cffb          rjmp strlen0
                 strlen1:
000362 9508          ret
                 ; .FEND
                 _strlenf:
                 ; .FSTART _strlenf
000363 93ba      	ST   -Y,R27
000364 93aa      	ST   -Y,R26
000365 27aa          clr  r26
000366 27bb          clr  r27
000367 91e9          ld   r30,y+
000368 91f9          ld   r31,y+
                 strlenf0:
000369 9005      	lpm  r0,z+
00036a 2000          tst  r0
00036b f011          breq strlenf1
00036c 9611          adiw r26,1
00036d cffb          rjmp strlenf0
                 strlenf1:
00036e 01fd          movw r30,r26
00036f 9508          ret
                 ; .FEND
                 
                 	.DSEG
                 _buffer:
000300           	.BYTE 0x10
                 __base_y_G101:
000310           	.BYTE 0x4
                 
                 	.CSEG
                 ;OPTIMIZER ADDED SUBROUTINE, CALLED 5 TIMES, CODE SIZE REDUCTION:13 WORDS
                 SUBOPT_0x0:
000370 932a      	ST   -Y,R18
000371 85ad      	LDD  R26,Y+13
000372 85be      	LDD  R27,Y+13+1
000373 85ef      	LDD  R30,Y+15
000374 89f8      	LDD  R31,Y+15+1
000375 9509      	ICALL
000376 9508      	RET
                 
                 ;OPTIMIZER ADDED SUBROUTINE, CALLED 5 TIMES, CODE SIZE REDUCTION:9 WORDS
                 SUBOPT_0x1:
000377 89e8      	LDD  R30,Y+16
000378 89f9      	LDD  R31,Y+16+1
000379 9734      	SBIW R30,4
00037a 8be8      	STD  Y+16,R30
00037b 8bf9      	STD  Y+16+1,R31
00037c 9508      	RET
                 
                 ;OPTIMIZER ADDED SUBROUTINE, CALLED 3 TIMES, CODE SIZE REDUCTION:3 WORDS
                 SUBOPT_0x2:
00037d 85ad      	LDD  R26,Y+13
00037e 85be      	LDD  R27,Y+13+1
00037f 85ef      	LDD  R30,Y+15
000380 89f8      	LDD  R31,Y+15+1
000381 9509      	ICALL
000382 9508      	RET
                 
                 ;OPTIMIZER ADDED SUBROUTINE, CALLED 2 TIMES, CODE SIZE REDUCTION:4 WORDS
                 SUBOPT_0x3:
000383 89a8      	LDD  R26,Y+16
000384 89b9      	LDD  R27,Y+16+1
000385 9614      	ADIW R26,4
000386 940e 03c1 	CALL __GETW1P
000388 83ee      	STD  Y+6,R30
000389 83ff      	STD  Y+6+1,R31
00038a 81ae      	LDD  R26,Y+6
00038b 81bf      	LDD  R27,Y+6+1
00038c 9508      	RET
                 
                 ;OPTIMIZER ADDED SUBROUTINE, CALLED 2 TIMES, CODE SIZE REDUCTION:2 WORDS
                 SUBOPT_0x4:
00038d 89a8      	LDD  R26,Y+16
00038e 89b9      	LDD  R27,Y+16+1
00038f 9614      	ADIW R26,4
000390 940e 03c1 	CALL __GETW1P
000392 87ea      	STD  Y+10,R30
000393 87fb      	STD  Y+10+1,R31
000394 9508      	RET
                 
                 ;OPTIMIZER ADDED SUBROUTINE, CALLED 2 TIMES, CODE SIZE REDUCTION:1 WORDS
                 SUBOPT_0x5:
000395 01de      	MOVW R26,R28
000396 961c      	ADIW R26,12
000397 940e 03b4 	CALL __ADDW2R15
000399 940e 03c1 	CALL __GETW1P
00039b 9508      	RET
                 
                 ;OPTIMIZER ADDED SUBROUTINE, CALLED 2 TIMES, CODE SIZE REDUCTION:1 WORDS
                 SUBOPT_0x6:
00039c 940e 02dc 	CALL __lcd_write_data
00039e e0a3      	LDI  R26,LOW(3)
00039f e0b0      	LDI  R27,0
0003a0 940c 03aa 	JMP  _delay_ms
                 
                 ;OPTIMIZER ADDED SUBROUTINE, CALLED 3 TIMES, CODE SIZE REDUCTION:7 WORDS
                 SUBOPT_0x7:
0003a2 e3a0      	LDI  R26,LOW(48)
0003a3 940e 02b7 	CALL __lcd_write_nibble_G101
                +
0003a5 e980     +LDI R24 , LOW ( 400 )
0003a6 e091     +LDI R25 , HIGH ( 400 )
                +__DELAY_USW_LOOP :
0003a7 9701     +SBIW R24 , 1
0003a8 f7f1     +BRNE __DELAY_USW_LOOP
                 	__DELAY_USW 400
0003a9 9508      	RET
                 
                 
                 	.CSEG
                 _delay_ms:
0003aa 9610      	adiw r26,0
0003ab f039      	breq __delay_ms1
                 __delay_ms0:
                +
0003ac ea80     +LDI R24 , LOW ( 0xFA0 )
0003ad e09f     +LDI R25 , HIGH ( 0xFA0 )
                +__DELAY_USW_LOOP :
0003ae 9701     +SBIW R24 , 1
0003af f7f1     +BRNE __DELAY_USW_LOOP
                 	__DELAY_USW 0xFA0
0003b0 95a8      	wdr
0003b1 9711      	sbiw r26,1
0003b2 f7c9      	brne __delay_ms0
                 __delay_ms1:
0003b3 9508      	ret
                 
                 __ADDW2R15:
0003b4 2400      	CLR  R0
0003b5 0daf      	ADD  R26,R15
0003b6 1db0      	ADC  R27,R0
0003b7 9508      	RET
                 
                 __ANEGW1:
0003b8 95f1      	NEG  R31
0003b9 95e1      	NEG  R30
0003ba 40f0      	SBCI R31,0
0003bb 9508      	RET
                 
                 __CWD1:
0003bc 2f6f      	MOV  R22,R31
0003bd 0f66      	ADD  R22,R22
0003be 0b66      	SBC  R22,R22
0003bf 2f76      	MOV  R23,R22
0003c0 9508      	RET
                 
                 __GETW1P:
0003c1 91ed      	LD   R30,X+
0003c2 91fc      	LD   R31,X
0003c3 9711      	SBIW R26,1
0003c4 9508      	RET
                 
                 __GETW1PF:
0003c5 9005      	LPM  R0,Z+
0003c6 91f4      	LPM  R31,Z
0003c7 2de0      	MOV  R30,R0
0003c8 9508      	RET
                 
                 __PUTPARD1:
0003c9 937a      	ST   -Y,R23
0003ca 936a      	ST   -Y,R22
0003cb 93fa      	ST   -Y,R31
0003cc 93ea      	ST   -Y,R30
0003cd 9508      	RET
                 
                 __SAVELOCR6:
0003ce 935a      	ST   -Y,R21
                 __SAVELOCR5:
0003cf 934a      	ST   -Y,R20
                 __SAVELOCR4:
0003d0 933a      	ST   -Y,R19
                 __SAVELOCR3:
0003d1 932a      	ST   -Y,R18
                 __SAVELOCR2:
0003d2 931a      	ST   -Y,R17
0003d3 930a      	ST   -Y,R16
0003d4 9508      	RET
                 
                 __LOADLOCR6:
0003d5 815d      	LDD  R21,Y+5
                 __LOADLOCR5:
0003d6 814c      	LDD  R20,Y+4
                 __LOADLOCR4:
0003d7 813b      	LDD  R19,Y+3
                 __LOADLOCR3:
0003d8 812a      	LDD  R18,Y+2
                 __LOADLOCR2:
0003d9 8119      	LDD  R17,Y+1
0003da 8108      	LD   R16,Y
0003db 9508      	RET
                 
                 ;END OF CODE MARKER
                 __END_OF_CODE:


RESOURCE USE INFORMATION
------------------------

Notice:
The register and instruction counts are symbol table hit counts,
and hence implicitly used resources are not counted, eg, the
'lpm' instruction without operands implicitly uses r0 and z,
none of which are counted.

x,y,z are separate entities in the symbol table and are
counted separately from r26..r31 here.

.dseg memory usage only counts static data declared with .byte

ATmega328P register use summary:
r0 :  13 r1 :   3 r2 :   0 r3 :   3 r4 :   3 r5 :   4 r6 :   4 r7 :   0 
r8 :   2 r9 :   0 r10:   0 r11:   0 r12:   0 r13:   0 r14:   0 r15:   6 
r16:  34 r17:  24 r18:  29 r19:   8 r20:   9 r21:  17 r22:  13 r23:   4 
r24:  25 r25:   8 r26:  96 r27:  40 r28:  14 r29:   1 r30: 204 r31:  63 
x  :  23 y  : 192 z  :  15 
Registers used: 27 out of 35 (77.1%)

ATmega328P instruction use summary:
.lds  :   0 .lds.l:   0 .sts  :   0 .sts.l:   0 adc   :   2 add   :   5 
adiw  :  24 and   :   0 andi  :   8 asr   :   0 bclr  :   0 bld   :   0 
brbc  :   0 brbs  :   0 brcc  :   0 brcs  :   0 break :   0 breq  :  21 
brge  :   0 brhc  :   0 brhs  :   0 brid  :   0 brie  :   0 brlo  :   8 
brlt  :   0 brmi  :   1 brne  :  30 brpl  :   1 brsh  :   2 brtc  :   0 
brts  :   0 brvc  :   0 brvs  :   0 bset  :   0 bst   :   0 call  :  51 
cbi   :   9 cbr   :   0 clc   :   0 clh   :   0 cli   :   1 cln   :   0 
clr   :   9 cls   :   0 clt   :   0 clv   :   0 clz   :   0 com   :   0 
cp    :   4 cpc   :   2 cpi   :  33 cpse  :   0 dec   :   4 des   :   0 
eor   :   0 fmul  :   0 fmuls :   0 fmulsu:   0 icall :   2 ijmp  :   0 
in    :   1 inc   :   2 jmp   :  28 ld    :  40 ldd   :  77 ldi   :  97 
lds   :   0 lpm   :  14 lsl   :   0 lsr   :   0 mov   :  20 movw  :  14 
mul   :   1 muls  :   0 mulsu :   0 neg   :   2 nop   :   0 or    :   0 
ori   :   6 out   :  22 pop   :   1 push  :   1 rcall :  17 ret   :  26 
reti  :   1 rjmp  :  65 rol   :   0 ror   :   0 sbc   :   2 sbci  :   2 
sbi   :  13 sbic  :   1 sbis  :   1 sbiw  :  20 sbr   :   0 sbrc  :   2 
sbrs  :  10 sec   :   0 seh   :   0 sei   :   1 sen   :   0 ser   :   0 
ses   :   0 set   :   0 sev   :   0 sez   :   0 sleep :   0 spm   :   0 
st    :  70 std   :  31 sts   :  30 sub   :   1 subi  :  16 swap  :   1 
tst   :   4 wdr   :   1 
Instructions used: 55 out of 116 (47.4%)

ATmega328P memory use summary [bytes]:
Segment   Begin    End      Code   Data   Used    Size   Use%
---------------------------------------------------------------
[.cseg] 0x000000 0x0007b8   1930     46   1976   32768   6.0%
[.dseg] 0x000100 0x000314      0     20     20    2048   1.0%
[.eseg] 0x000000 0x000000      0      0      0    1024   0.0%

Assembly complete, 0 errors, 5 warnings
